[2024-04-26 18:50:16] local.ERROR: No application encryption key has been specified. {"exception":"[object] (Illuminate\\Encryption\\MissingAppKeyException(code: 0): No application encryption key has been specified. at /home/joshua/PhpstormProjects/mango-software/Kinetiq/vendor/laravel/framework/src/Illuminate/Encryption/EncryptionServiceProvider.php:83)
[stacktrace]
#0 /home/joshua/PhpstormProjects/mango-software/Kinetiq/vendor/laravel/framework/src/Illuminate/Support/helpers.php(359): Illuminate\\Encryption\\EncryptionServiceProvider->Illuminate\\Encryption\\{closure}()
#1 /home/joshua/PhpstormProjects/mango-software/Kinetiq/vendor/laravel/framework/src/Illuminate/Encryption/EncryptionServiceProvider.php(81): tap()
#2 /home/joshua/PhpstormProjects/mango-software/Kinetiq/vendor/laravel/framework/src/Illuminate/Encryption/EncryptionServiceProvider.php(64): Illuminate\\Encryption\\EncryptionServiceProvider->key()
#3 /home/joshua/PhpstormProjects/mango-software/Kinetiq/vendor/laravel/framework/src/Illuminate/Encryption/EncryptionServiceProvider.php(32): Illuminate\\Encryption\\EncryptionServiceProvider->parseKey()
#4 /home/joshua/PhpstormProjects/mango-software/Kinetiq/vendor/laravel/framework/src/Illuminate/Container/Container.php(900): Illuminate\\Encryption\\EncryptionServiceProvider->Illuminate\\Encryption\\{closure}()
#5 /home/joshua/PhpstormProjects/mango-software/Kinetiq/vendor/laravel/framework/src/Illuminate/Container/Container.php(787): Illuminate\\Container\\Container->build()
#6 /home/joshua/PhpstormProjects/mango-software/Kinetiq/vendor/laravel/framework/src/Illuminate/Foundation/Application.php(1026): Illuminate\\Container\\Container->resolve()
#7 /home/joshua/PhpstormProjects/mango-software/Kinetiq/vendor/laravel/framework/src/Illuminate/Container/Container.php(723): Illuminate\\Foundation\\Application->resolve()
#8 /home/joshua/PhpstormProjects/mango-software/Kinetiq/vendor/laravel/framework/src/Illuminate/Foundation/Application.php(1011): Illuminate\\Container\\Container->make()
#9 /home/joshua/PhpstormProjects/mango-software/Kinetiq/vendor/laravel/framework/src/Illuminate/Container/Container.php(1058): Illuminate\\Foundation\\Application->make()
#10 /home/joshua/PhpstormProjects/mango-software/Kinetiq/vendor/laravel/framework/src/Illuminate/Container/Container.php(974): Illuminate\\Container\\Container->resolveClass()
#11 /home/joshua/PhpstormProjects/mango-software/Kinetiq/vendor/laravel/framework/src/Illuminate/Container/Container.php(935): Illuminate\\Container\\Container->resolveDependencies()
#12 /home/joshua/PhpstormProjects/mango-software/Kinetiq/vendor/laravel/framework/src/Illuminate/Container/Container.php(787): Illuminate\\Container\\Container->build()
#13 /home/joshua/PhpstormProjects/mango-software/Kinetiq/vendor/laravel/framework/src/Illuminate/Foundation/Application.php(1026): Illuminate\\Container\\Container->resolve()
#14 /home/joshua/PhpstormProjects/mango-software/Kinetiq/vendor/laravel/framework/src/Illuminate/Container/Container.php(723): Illuminate\\Foundation\\Application->resolve()
#15 /home/joshua/PhpstormProjects/mango-software/Kinetiq/vendor/laravel/framework/src/Illuminate/Foundation/Application.php(1011): Illuminate\\Container\\Container->make()
#16 /home/joshua/PhpstormProjects/mango-software/Kinetiq/vendor/laravel/framework/src/Illuminate/Pipeline/Pipeline.php(172): Illuminate\\Foundation\\Application->make()
#17 /home/joshua/PhpstormProjects/mango-software/Kinetiq/vendor/laravel/framework/src/Illuminate/Pipeline/Pipeline.php(119): Illuminate\\Pipeline\\Pipeline->Illuminate\\Pipeline\\{closure}()
#18 /home/joshua/PhpstormProjects/mango-software/Kinetiq/vendor/laravel/framework/src/Illuminate/Routing/Router.php(805): Illuminate\\Pipeline\\Pipeline->then()
#19 /home/joshua/PhpstormProjects/mango-software/Kinetiq/vendor/laravel/framework/src/Illuminate/Routing/Router.php(784): Illuminate\\Routing\\Router->runRouteWithinStack()
#20 /home/joshua/PhpstormProjects/mango-software/Kinetiq/vendor/laravel/framework/src/Illuminate/Routing/Router.php(748): Illuminate\\Routing\\Router->runRoute()
#21 /home/joshua/PhpstormProjects/mango-software/Kinetiq/vendor/laravel/framework/src/Illuminate/Routing/Router.php(737): Illuminate\\Routing\\Router->dispatchToRoute()
#22 /home/joshua/PhpstormProjects/mango-software/Kinetiq/vendor/laravel/framework/src/Illuminate/Foundation/Http/Kernel.php(200): Illuminate\\Routing\\Router->dispatch()
#23 /home/joshua/PhpstormProjects/mango-software/Kinetiq/vendor/laravel/framework/src/Illuminate/Pipeline/Pipeline.php(144): Illuminate\\Foundation\\Http\\Kernel->Illuminate\\Foundation\\Http\\{closure}()
#24 /home/joshua/PhpstormProjects/mango-software/Kinetiq/vendor/laravel/framework/src/Illuminate/Foundation/Http/Middleware/TransformsRequest.php(21): Illuminate\\Pipeline\\Pipeline->Illuminate\\Pipeline\\{closure}()
#25 /home/joshua/PhpstormProjects/mango-software/Kinetiq/vendor/laravel/framework/src/Illuminate/Foundation/Http/Middleware/ConvertEmptyStringsToNull.php(31): Illuminate\\Foundation\\Http\\Middleware\\TransformsRequest->handle()
#26 /home/joshua/PhpstormProjects/mango-software/Kinetiq/vendor/laravel/framework/src/Illuminate/Pipeline/Pipeline.php(183): Illuminate\\Foundation\\Http\\Middleware\\ConvertEmptyStringsToNull->handle()
#27 /home/joshua/PhpstormProjects/mango-software/Kinetiq/vendor/laravel/framework/src/Illuminate/Foundation/Http/Middleware/TransformsRequest.php(21): Illuminate\\Pipeline\\Pipeline->Illuminate\\Pipeline\\{closure}()
#28 /home/joshua/PhpstormProjects/mango-software/Kinetiq/vendor/laravel/framework/src/Illuminate/Foundation/Http/Middleware/TrimStrings.php(51): Illuminate\\Foundation\\Http\\Middleware\\TransformsRequest->handle()
#29 /home/joshua/PhpstormProjects/mango-software/Kinetiq/vendor/laravel/framework/src/Illuminate/Pipeline/Pipeline.php(183): Illuminate\\Foundation\\Http\\Middleware\\TrimStrings->handle()
#30 /home/joshua/PhpstormProjects/mango-software/Kinetiq/vendor/laravel/framework/src/Illuminate/Http/Middleware/ValidatePostSize.php(27): Illuminate\\Pipeline\\Pipeline->Illuminate\\Pipeline\\{closure}()
#31 /home/joshua/PhpstormProjects/mango-software/Kinetiq/vendor/laravel/framework/src/Illuminate/Pipeline/Pipeline.php(183): Illuminate\\Http\\Middleware\\ValidatePostSize->handle()
#32 /home/joshua/PhpstormProjects/mango-software/Kinetiq/vendor/laravel/framework/src/Illuminate/Foundation/Http/Middleware/PreventRequestsDuringMaintenance.php(110): Illuminate\\Pipeline\\Pipeline->Illuminate\\Pipeline\\{closure}()
#33 /home/joshua/PhpstormProjects/mango-software/Kinetiq/vendor/laravel/framework/src/Illuminate/Pipeline/Pipeline.php(183): Illuminate\\Foundation\\Http\\Middleware\\PreventRequestsDuringMaintenance->handle()
#34 /home/joshua/PhpstormProjects/mango-software/Kinetiq/vendor/laravel/framework/src/Illuminate/Http/Middleware/HandleCors.php(49): Illuminate\\Pipeline\\Pipeline->Illuminate\\Pipeline\\{closure}()
#35 /home/joshua/PhpstormProjects/mango-software/Kinetiq/vendor/laravel/framework/src/Illuminate/Pipeline/Pipeline.php(183): Illuminate\\Http\\Middleware\\HandleCors->handle()
#36 /home/joshua/PhpstormProjects/mango-software/Kinetiq/vendor/laravel/framework/src/Illuminate/Http/Middleware/TrustProxies.php(57): Illuminate\\Pipeline\\Pipeline->Illuminate\\Pipeline\\{closure}()
#37 /home/joshua/PhpstormProjects/mango-software/Kinetiq/vendor/laravel/framework/src/Illuminate/Pipeline/Pipeline.php(183): Illuminate\\Http\\Middleware\\TrustProxies->handle()
#38 /home/joshua/PhpstormProjects/mango-software/Kinetiq/vendor/laravel/framework/src/Illuminate/Pipeline/Pipeline.php(119): Illuminate\\Pipeline\\Pipeline->Illuminate\\Pipeline\\{closure}()
#39 /home/joshua/PhpstormProjects/mango-software/Kinetiq/vendor/laravel/framework/src/Illuminate/Foundation/Http/Kernel.php(175): Illuminate\\Pipeline\\Pipeline->then()
#40 /home/joshua/PhpstormProjects/mango-software/Kinetiq/vendor/laravel/framework/src/Illuminate/Foundation/Http/Kernel.php(144): Illuminate\\Foundation\\Http\\Kernel->sendRequestThroughRouter()
#41 /home/joshua/PhpstormProjects/mango-software/Kinetiq/vendor/laravel/framework/src/Illuminate/Foundation/Application.php(1168): Illuminate\\Foundation\\Http\\Kernel->handle()
#42 /home/joshua/PhpstormProjects/mango-software/Kinetiq/public/index.php(17): Illuminate\\Foundation\\Application->handleRequest()
#43 /home/joshua/PhpstormProjects/mango-software/Kinetiq/vendor/laravel/framework/src/Illuminate/Foundation/resources/server.php(16): require_once('...')
#44 {main}
"} 
[2024-04-26 18:50:16] local.ERROR: No application encryption key has been specified. {"exception":"[object] (Illuminate\\Encryption\\MissingAppKeyException(code: 0): No application encryption key has been specified. at /home/joshua/PhpstormProjects/mango-software/Kinetiq/vendor/laravel/framework/src/Illuminate/Encryption/EncryptionServiceProvider.php:83)
[stacktrace]
#0 /home/joshua/PhpstormProjects/mango-software/Kinetiq/vendor/laravel/framework/src/Illuminate/Support/helpers.php(359): Illuminate\\Encryption\\EncryptionServiceProvider->Illuminate\\Encryption\\{closure}()
#1 /home/joshua/PhpstormProjects/mango-software/Kinetiq/vendor/laravel/framework/src/Illuminate/Encryption/EncryptionServiceProvider.php(81): tap()
#2 /home/joshua/PhpstormProjects/mango-software/Kinetiq/vendor/laravel/framework/src/Illuminate/Encryption/EncryptionServiceProvider.php(64): Illuminate\\Encryption\\EncryptionServiceProvider->key()
#3 /home/joshua/PhpstormProjects/mango-software/Kinetiq/vendor/laravel/framework/src/Illuminate/Encryption/EncryptionServiceProvider.php(32): Illuminate\\Encryption\\EncryptionServiceProvider->parseKey()
#4 /home/joshua/PhpstormProjects/mango-software/Kinetiq/vendor/laravel/framework/src/Illuminate/Container/Container.php(900): Illuminate\\Encryption\\EncryptionServiceProvider->Illuminate\\Encryption\\{closure}()
#5 /home/joshua/PhpstormProjects/mango-software/Kinetiq/vendor/laravel/framework/src/Illuminate/Container/Container.php(787): Illuminate\\Container\\Container->build()
#6 /home/joshua/PhpstormProjects/mango-software/Kinetiq/vendor/laravel/framework/src/Illuminate/Foundation/Application.php(1026): Illuminate\\Container\\Container->resolve()
#7 /home/joshua/PhpstormProjects/mango-software/Kinetiq/vendor/laravel/framework/src/Illuminate/Container/Container.php(723): Illuminate\\Foundation\\Application->resolve()
#8 /home/joshua/PhpstormProjects/mango-software/Kinetiq/vendor/laravel/framework/src/Illuminate/Foundation/Application.php(1011): Illuminate\\Container\\Container->make()
#9 /home/joshua/PhpstormProjects/mango-software/Kinetiq/vendor/laravel/framework/src/Illuminate/Container/Container.php(1058): Illuminate\\Foundation\\Application->make()
#10 /home/joshua/PhpstormProjects/mango-software/Kinetiq/vendor/laravel/framework/src/Illuminate/Container/Container.php(974): Illuminate\\Container\\Container->resolveClass()
#11 /home/joshua/PhpstormProjects/mango-software/Kinetiq/vendor/laravel/framework/src/Illuminate/Container/Container.php(935): Illuminate\\Container\\Container->resolveDependencies()
#12 /home/joshua/PhpstormProjects/mango-software/Kinetiq/vendor/laravel/framework/src/Illuminate/Container/Container.php(787): Illuminate\\Container\\Container->build()
#13 /home/joshua/PhpstormProjects/mango-software/Kinetiq/vendor/laravel/framework/src/Illuminate/Foundation/Application.php(1026): Illuminate\\Container\\Container->resolve()
#14 /home/joshua/PhpstormProjects/mango-software/Kinetiq/vendor/laravel/framework/src/Illuminate/Container/Container.php(723): Illuminate\\Foundation\\Application->resolve()
#15 /home/joshua/PhpstormProjects/mango-software/Kinetiq/vendor/laravel/framework/src/Illuminate/Foundation/Application.php(1011): Illuminate\\Container\\Container->make()
#16 /home/joshua/PhpstormProjects/mango-software/Kinetiq/vendor/laravel/framework/src/Illuminate/Foundation/Http/Kernel.php(255): Illuminate\\Foundation\\Application->make()
#17 /home/joshua/PhpstormProjects/mango-software/Kinetiq/vendor/laravel/framework/src/Illuminate/Foundation/Http/Kernel.php(213): Illuminate\\Foundation\\Http\\Kernel->terminateMiddleware()
#18 /home/joshua/PhpstormProjects/mango-software/Kinetiq/vendor/laravel/framework/src/Illuminate/Foundation/Application.php(1170): Illuminate\\Foundation\\Http\\Kernel->terminate()
#19 /home/joshua/PhpstormProjects/mango-software/Kinetiq/public/index.php(17): Illuminate\\Foundation\\Application->handleRequest()
#20 /home/joshua/PhpstormProjects/mango-software/Kinetiq/vendor/laravel/framework/src/Illuminate/Foundation/resources/server.php(16): require_once('...')
#21 {main}
"} 
[2024-04-26 18:50:23] local.ERROR: Database file at path [/home/joshua/PhpstormProjects/mango-software/Kinetiq/database/database.sqlite] does not exist. Ensure this is an absolute path to the database. (Connection: sqlite, SQL: select * from "sessions" where "id" = uEXpOLVvvg8uKAHQTYoLDYoC7NCrrlaFFj3NQ9Yo limit 1) {"exception":"[object] (Illuminate\\Database\\QueryException(code: 0): Database file at path [/home/joshua/PhpstormProjects/mango-software/Kinetiq/database/database.sqlite] does not exist. Ensure this is an absolute path to the database. (Connection: sqlite, SQL: select * from \"sessions\" where \"id\" = uEXpOLVvvg8uKAHQTYoLDYoC7NCrrlaFFj3NQ9Yo limit 1) at /home/joshua/PhpstormProjects/mango-software/Kinetiq/vendor/laravel/framework/src/Illuminate/Database/Connection.php:813)
[stacktrace]
#0 /home/joshua/PhpstormProjects/mango-software/Kinetiq/vendor/laravel/framework/src/Illuminate/Database/Connection.php(767): Illuminate\\Database\\Connection->runQueryCallback()
#1 /home/joshua/PhpstormProjects/mango-software/Kinetiq/vendor/laravel/framework/src/Illuminate/Database/Connection.php(398): Illuminate\\Database\\Connection->run()
#2 /home/joshua/PhpstormProjects/mango-software/Kinetiq/vendor/laravel/framework/src/Illuminate/Database/Query/Builder.php(2934): Illuminate\\Database\\Connection->select()
#3 /home/joshua/PhpstormProjects/mango-software/Kinetiq/vendor/laravel/framework/src/Illuminate/Database/Query/Builder.php(2919): Illuminate\\Database\\Query\\Builder->runSelect()
#4 /home/joshua/PhpstormProjects/mango-software/Kinetiq/vendor/laravel/framework/src/Illuminate/Database/Query/Builder.php(3507): Illuminate\\Database\\Query\\Builder->Illuminate\\Database\\Query\\{closure}()
#5 /home/joshua/PhpstormProjects/mango-software/Kinetiq/vendor/laravel/framework/src/Illuminate/Database/Query/Builder.php(2918): Illuminate\\Database\\Query\\Builder->onceWithColumns()
#6 /home/joshua/PhpstormProjects/mango-software/Kinetiq/vendor/laravel/framework/src/Illuminate/Database/Concerns/BuildsQueries.php(335): Illuminate\\Database\\Query\\Builder->get()
#7 /home/joshua/PhpstormProjects/mango-software/Kinetiq/vendor/laravel/framework/src/Illuminate/Database/Query/Builder.php(2841): Illuminate\\Database\\Query\\Builder->first()
#8 /home/joshua/PhpstormProjects/mango-software/Kinetiq/vendor/laravel/framework/src/Illuminate/Session/DatabaseSessionHandler.php(97): Illuminate\\Database\\Query\\Builder->find()
#9 /home/joshua/PhpstormProjects/mango-software/Kinetiq/vendor/laravel/framework/src/Illuminate/Session/Store.php(113): Illuminate\\Session\\DatabaseSessionHandler->read()
#10 /home/joshua/PhpstormProjects/mango-software/Kinetiq/vendor/laravel/framework/src/Illuminate/Session/Store.php(101): Illuminate\\Session\\Store->readFromHandler()
#11 /home/joshua/PhpstormProjects/mango-software/Kinetiq/vendor/laravel/framework/src/Illuminate/Session/Store.php(85): Illuminate\\Session\\Store->loadSession()
#12 /home/joshua/PhpstormProjects/mango-software/Kinetiq/vendor/laravel/framework/src/Illuminate/Session/Middleware/StartSession.php(147): Illuminate\\Session\\Store->start()
#13 /home/joshua/PhpstormProjects/mango-software/Kinetiq/vendor/laravel/framework/src/Illuminate/Support/helpers.php(359): Illuminate\\Session\\Middleware\\StartSession->Illuminate\\Session\\Middleware\\{closure}()
#14 /home/joshua/PhpstormProjects/mango-software/Kinetiq/vendor/laravel/framework/src/Illuminate/Session/Middleware/StartSession.php(144): tap()
#15 /home/joshua/PhpstormProjects/mango-software/Kinetiq/vendor/laravel/framework/src/Illuminate/Session/Middleware/StartSession.php(116): Illuminate\\Session\\Middleware\\StartSession->startSession()
#16 /home/joshua/PhpstormProjects/mango-software/Kinetiq/vendor/laravel/framework/src/Illuminate/Session/Middleware/StartSession.php(64): Illuminate\\Session\\Middleware\\StartSession->handleStatefulRequest()
#17 /home/joshua/PhpstormProjects/mango-software/Kinetiq/vendor/laravel/framework/src/Illuminate/Pipeline/Pipeline.php(183): Illuminate\\Session\\Middleware\\StartSession->handle()
#18 /home/joshua/PhpstormProjects/mango-software/Kinetiq/vendor/laravel/framework/src/Illuminate/Cookie/Middleware/AddQueuedCookiesToResponse.php(37): Illuminate\\Pipeline\\Pipeline->Illuminate\\Pipeline\\{closure}()
#19 /home/joshua/PhpstormProjects/mango-software/Kinetiq/vendor/laravel/framework/src/Illuminate/Pipeline/Pipeline.php(183): Illuminate\\Cookie\\Middleware\\AddQueuedCookiesToResponse->handle()
#20 /home/joshua/PhpstormProjects/mango-software/Kinetiq/vendor/laravel/framework/src/Illuminate/Cookie/Middleware/EncryptCookies.php(75): Illuminate\\Pipeline\\Pipeline->Illuminate\\Pipeline\\{closure}()
#21 /home/joshua/PhpstormProjects/mango-software/Kinetiq/vendor/laravel/framework/src/Illuminate/Pipeline/Pipeline.php(183): Illuminate\\Cookie\\Middleware\\EncryptCookies->handle()
#22 /home/joshua/PhpstormProjects/mango-software/Kinetiq/vendor/laravel/framework/src/Illuminate/Pipeline/Pipeline.php(119): Illuminate\\Pipeline\\Pipeline->Illuminate\\Pipeline\\{closure}()
#23 /home/joshua/PhpstormProjects/mango-software/Kinetiq/vendor/laravel/framework/src/Illuminate/Routing/Router.php(805): Illuminate\\Pipeline\\Pipeline->then()
#24 /home/joshua/PhpstormProjects/mango-software/Kinetiq/vendor/laravel/framework/src/Illuminate/Routing/Router.php(784): Illuminate\\Routing\\Router->runRouteWithinStack()
#25 /home/joshua/PhpstormProjects/mango-software/Kinetiq/vendor/laravel/framework/src/Illuminate/Routing/Router.php(748): Illuminate\\Routing\\Router->runRoute()
#26 /home/joshua/PhpstormProjects/mango-software/Kinetiq/vendor/laravel/framework/src/Illuminate/Routing/Router.php(737): Illuminate\\Routing\\Router->dispatchToRoute()
#27 /home/joshua/PhpstormProjects/mango-software/Kinetiq/vendor/laravel/framework/src/Illuminate/Foundation/Http/Kernel.php(200): Illuminate\\Routing\\Router->dispatch()
#28 /home/joshua/PhpstormProjects/mango-software/Kinetiq/vendor/laravel/framework/src/Illuminate/Pipeline/Pipeline.php(144): Illuminate\\Foundation\\Http\\Kernel->Illuminate\\Foundation\\Http\\{closure}()
#29 /home/joshua/PhpstormProjects/mango-software/Kinetiq/vendor/laravel/framework/src/Illuminate/Foundation/Http/Middleware/TransformsRequest.php(21): Illuminate\\Pipeline\\Pipeline->Illuminate\\Pipeline\\{closure}()
#30 /home/joshua/PhpstormProjects/mango-software/Kinetiq/vendor/laravel/framework/src/Illuminate/Foundation/Http/Middleware/ConvertEmptyStringsToNull.php(31): Illuminate\\Foundation\\Http\\Middleware\\TransformsRequest->handle()
#31 /home/joshua/PhpstormProjects/mango-software/Kinetiq/vendor/laravel/framework/src/Illuminate/Pipeline/Pipeline.php(183): Illuminate\\Foundation\\Http\\Middleware\\ConvertEmptyStringsToNull->handle()
#32 /home/joshua/PhpstormProjects/mango-software/Kinetiq/vendor/laravel/framework/src/Illuminate/Foundation/Http/Middleware/TransformsRequest.php(21): Illuminate\\Pipeline\\Pipeline->Illuminate\\Pipeline\\{closure}()
#33 /home/joshua/PhpstormProjects/mango-software/Kinetiq/vendor/laravel/framework/src/Illuminate/Foundation/Http/Middleware/TrimStrings.php(51): Illuminate\\Foundation\\Http\\Middleware\\TransformsRequest->handle()
#34 /home/joshua/PhpstormProjects/mango-software/Kinetiq/vendor/laravel/framework/src/Illuminate/Pipeline/Pipeline.php(183): Illuminate\\Foundation\\Http\\Middleware\\TrimStrings->handle()
#35 /home/joshua/PhpstormProjects/mango-software/Kinetiq/vendor/laravel/framework/src/Illuminate/Http/Middleware/ValidatePostSize.php(27): Illuminate\\Pipeline\\Pipeline->Illuminate\\Pipeline\\{closure}()
#36 /home/joshua/PhpstormProjects/mango-software/Kinetiq/vendor/laravel/framework/src/Illuminate/Pipeline/Pipeline.php(183): Illuminate\\Http\\Middleware\\ValidatePostSize->handle()
#37 /home/joshua/PhpstormProjects/mango-software/Kinetiq/vendor/laravel/framework/src/Illuminate/Foundation/Http/Middleware/PreventRequestsDuringMaintenance.php(110): Illuminate\\Pipeline\\Pipeline->Illuminate\\Pipeline\\{closure}()
#38 /home/joshua/PhpstormProjects/mango-software/Kinetiq/vendor/laravel/framework/src/Illuminate/Pipeline/Pipeline.php(183): Illuminate\\Foundation\\Http\\Middleware\\PreventRequestsDuringMaintenance->handle()
#39 /home/joshua/PhpstormProjects/mango-software/Kinetiq/vendor/laravel/framework/src/Illuminate/Http/Middleware/HandleCors.php(49): Illuminate\\Pipeline\\Pipeline->Illuminate\\Pipeline\\{closure}()
#40 /home/joshua/PhpstormProjects/mango-software/Kinetiq/vendor/laravel/framework/src/Illuminate/Pipeline/Pipeline.php(183): Illuminate\\Http\\Middleware\\HandleCors->handle()
#41 /home/joshua/PhpstormProjects/mango-software/Kinetiq/vendor/laravel/framework/src/Illuminate/Http/Middleware/TrustProxies.php(57): Illuminate\\Pipeline\\Pipeline->Illuminate\\Pipeline\\{closure}()
#42 /home/joshua/PhpstormProjects/mango-software/Kinetiq/vendor/laravel/framework/src/Illuminate/Pipeline/Pipeline.php(183): Illuminate\\Http\\Middleware\\TrustProxies->handle()
#43 /home/joshua/PhpstormProjects/mango-software/Kinetiq/vendor/laravel/framework/src/Illuminate/Pipeline/Pipeline.php(119): Illuminate\\Pipeline\\Pipeline->Illuminate\\Pipeline\\{closure}()
#44 /home/joshua/PhpstormProjects/mango-software/Kinetiq/vendor/laravel/framework/src/Illuminate/Foundation/Http/Kernel.php(175): Illuminate\\Pipeline\\Pipeline->then()
#45 /home/joshua/PhpstormProjects/mango-software/Kinetiq/vendor/laravel/framework/src/Illuminate/Foundation/Http/Kernel.php(144): Illuminate\\Foundation\\Http\\Kernel->sendRequestThroughRouter()
#46 /home/joshua/PhpstormProjects/mango-software/Kinetiq/vendor/laravel/framework/src/Illuminate/Foundation/Application.php(1168): Illuminate\\Foundation\\Http\\Kernel->handle()
#47 /home/joshua/PhpstormProjects/mango-software/Kinetiq/public/index.php(17): Illuminate\\Foundation\\Application->handleRequest()
#48 /home/joshua/PhpstormProjects/mango-software/Kinetiq/vendor/laravel/framework/src/Illuminate/Foundation/resources/server.php(16): require_once('...')
#49 {main}

[previous exception] [object] (Illuminate\\Database\\SQLiteDatabaseDoesNotExistException(code: 0): Database file at path [/home/joshua/PhpstormProjects/mango-software/Kinetiq/database/database.sqlite] does not exist. Ensure this is an absolute path to the database. at /home/joshua/PhpstormProjects/mango-software/Kinetiq/vendor/laravel/framework/src/Illuminate/Database/Connectors/SQLiteConnector.php:34)
[stacktrace]
#0 /home/joshua/PhpstormProjects/mango-software/Kinetiq/vendor/laravel/framework/src/Illuminate/Database/Connectors/ConnectionFactory.php(222): Illuminate\\Database\\Connectors\\SQLiteConnector->connect()
#1 [internal function]: Illuminate\\Database\\Connectors\\ConnectionFactory->Illuminate\\Database\\Connectors\\{closure}()
#2 /home/joshua/PhpstormProjects/mango-software/Kinetiq/vendor/laravel/framework/src/Illuminate/Database/Connection.php(1219): call_user_func()
#3 /home/joshua/PhpstormProjects/mango-software/Kinetiq/vendor/laravel/framework/src/Illuminate/Database/Connection.php(1255): Illuminate\\Database\\Connection->getPdo()
#4 /home/joshua/PhpstormProjects/mango-software/Kinetiq/vendor/laravel/framework/src/Illuminate/Database/Connection.php(512): Illuminate\\Database\\Connection->getReadPdo()
#5 /home/joshua/PhpstormProjects/mango-software/Kinetiq/vendor/laravel/framework/src/Illuminate/Database/Connection.php(407): Illuminate\\Database\\Connection->getPdoForSelect()
#6 /home/joshua/PhpstormProjects/mango-software/Kinetiq/vendor/laravel/framework/src/Illuminate/Database/Connection.php(800): Illuminate\\Database\\Connection->Illuminate\\Database\\{closure}()
#7 /home/joshua/PhpstormProjects/mango-software/Kinetiq/vendor/laravel/framework/src/Illuminate/Database/Connection.php(767): Illuminate\\Database\\Connection->runQueryCallback()
#8 /home/joshua/PhpstormProjects/mango-software/Kinetiq/vendor/laravel/framework/src/Illuminate/Database/Connection.php(398): Illuminate\\Database\\Connection->run()
#9 /home/joshua/PhpstormProjects/mango-software/Kinetiq/vendor/laravel/framework/src/Illuminate/Database/Query/Builder.php(2934): Illuminate\\Database\\Connection->select()
#10 /home/joshua/PhpstormProjects/mango-software/Kinetiq/vendor/laravel/framework/src/Illuminate/Database/Query/Builder.php(2919): Illuminate\\Database\\Query\\Builder->runSelect()
#11 /home/joshua/PhpstormProjects/mango-software/Kinetiq/vendor/laravel/framework/src/Illuminate/Database/Query/Builder.php(3507): Illuminate\\Database\\Query\\Builder->Illuminate\\Database\\Query\\{closure}()
#12 /home/joshua/PhpstormProjects/mango-software/Kinetiq/vendor/laravel/framework/src/Illuminate/Database/Query/Builder.php(2918): Illuminate\\Database\\Query\\Builder->onceWithColumns()
#13 /home/joshua/PhpstormProjects/mango-software/Kinetiq/vendor/laravel/framework/src/Illuminate/Database/Concerns/BuildsQueries.php(335): Illuminate\\Database\\Query\\Builder->get()
#14 /home/joshua/PhpstormProjects/mango-software/Kinetiq/vendor/laravel/framework/src/Illuminate/Database/Query/Builder.php(2841): Illuminate\\Database\\Query\\Builder->first()
#15 /home/joshua/PhpstormProjects/mango-software/Kinetiq/vendor/laravel/framework/src/Illuminate/Session/DatabaseSessionHandler.php(97): Illuminate\\Database\\Query\\Builder->find()
#16 /home/joshua/PhpstormProjects/mango-software/Kinetiq/vendor/laravel/framework/src/Illuminate/Session/Store.php(113): Illuminate\\Session\\DatabaseSessionHandler->read()
#17 /home/joshua/PhpstormProjects/mango-software/Kinetiq/vendor/laravel/framework/src/Illuminate/Session/Store.php(101): Illuminate\\Session\\Store->readFromHandler()
#18 /home/joshua/PhpstormProjects/mango-software/Kinetiq/vendor/laravel/framework/src/Illuminate/Session/Store.php(85): Illuminate\\Session\\Store->loadSession()
#19 /home/joshua/PhpstormProjects/mango-software/Kinetiq/vendor/laravel/framework/src/Illuminate/Session/Middleware/StartSession.php(147): Illuminate\\Session\\Store->start()
#20 /home/joshua/PhpstormProjects/mango-software/Kinetiq/vendor/laravel/framework/src/Illuminate/Support/helpers.php(359): Illuminate\\Session\\Middleware\\StartSession->Illuminate\\Session\\Middleware\\{closure}()
#21 /home/joshua/PhpstormProjects/mango-software/Kinetiq/vendor/laravel/framework/src/Illuminate/Session/Middleware/StartSession.php(144): tap()
#22 /home/joshua/PhpstormProjects/mango-software/Kinetiq/vendor/laravel/framework/src/Illuminate/Session/Middleware/StartSession.php(116): Illuminate\\Session\\Middleware\\StartSession->startSession()
#23 /home/joshua/PhpstormProjects/mango-software/Kinetiq/vendor/laravel/framework/src/Illuminate/Session/Middleware/StartSession.php(64): Illuminate\\Session\\Middleware\\StartSession->handleStatefulRequest()
#24 /home/joshua/PhpstormProjects/mango-software/Kinetiq/vendor/laravel/framework/src/Illuminate/Pipeline/Pipeline.php(183): Illuminate\\Session\\Middleware\\StartSession->handle()
#25 /home/joshua/PhpstormProjects/mango-software/Kinetiq/vendor/laravel/framework/src/Illuminate/Cookie/Middleware/AddQueuedCookiesToResponse.php(37): Illuminate\\Pipeline\\Pipeline->Illuminate\\Pipeline\\{closure}()
#26 /home/joshua/PhpstormProjects/mango-software/Kinetiq/vendor/laravel/framework/src/Illuminate/Pipeline/Pipeline.php(183): Illuminate\\Cookie\\Middleware\\AddQueuedCookiesToResponse->handle()
#27 /home/joshua/PhpstormProjects/mango-software/Kinetiq/vendor/laravel/framework/src/Illuminate/Cookie/Middleware/EncryptCookies.php(75): Illuminate\\Pipeline\\Pipeline->Illuminate\\Pipeline\\{closure}()
#28 /home/joshua/PhpstormProjects/mango-software/Kinetiq/vendor/laravel/framework/src/Illuminate/Pipeline/Pipeline.php(183): Illuminate\\Cookie\\Middleware\\EncryptCookies->handle()
#29 /home/joshua/PhpstormProjects/mango-software/Kinetiq/vendor/laravel/framework/src/Illuminate/Pipeline/Pipeline.php(119): Illuminate\\Pipeline\\Pipeline->Illuminate\\Pipeline\\{closure}()
#30 /home/joshua/PhpstormProjects/mango-software/Kinetiq/vendor/laravel/framework/src/Illuminate/Routing/Router.php(805): Illuminate\\Pipeline\\Pipeline->then()
#31 /home/joshua/PhpstormProjects/mango-software/Kinetiq/vendor/laravel/framework/src/Illuminate/Routing/Router.php(784): Illuminate\\Routing\\Router->runRouteWithinStack()
#32 /home/joshua/PhpstormProjects/mango-software/Kinetiq/vendor/laravel/framework/src/Illuminate/Routing/Router.php(748): Illuminate\\Routing\\Router->runRoute()
#33 /home/joshua/PhpstormProjects/mango-software/Kinetiq/vendor/laravel/framework/src/Illuminate/Routing/Router.php(737): Illuminate\\Routing\\Router->dispatchToRoute()
#34 /home/joshua/PhpstormProjects/mango-software/Kinetiq/vendor/laravel/framework/src/Illuminate/Foundation/Http/Kernel.php(200): Illuminate\\Routing\\Router->dispatch()
#35 /home/joshua/PhpstormProjects/mango-software/Kinetiq/vendor/laravel/framework/src/Illuminate/Pipeline/Pipeline.php(144): Illuminate\\Foundation\\Http\\Kernel->Illuminate\\Foundation\\Http\\{closure}()
#36 /home/joshua/PhpstormProjects/mango-software/Kinetiq/vendor/laravel/framework/src/Illuminate/Foundation/Http/Middleware/TransformsRequest.php(21): Illuminate\\Pipeline\\Pipeline->Illuminate\\Pipeline\\{closure}()
#37 /home/joshua/PhpstormProjects/mango-software/Kinetiq/vendor/laravel/framework/src/Illuminate/Foundation/Http/Middleware/ConvertEmptyStringsToNull.php(31): Illuminate\\Foundation\\Http\\Middleware\\TransformsRequest->handle()
#38 /home/joshua/PhpstormProjects/mango-software/Kinetiq/vendor/laravel/framework/src/Illuminate/Pipeline/Pipeline.php(183): Illuminate\\Foundation\\Http\\Middleware\\ConvertEmptyStringsToNull->handle()
#39 /home/joshua/PhpstormProjects/mango-software/Kinetiq/vendor/laravel/framework/src/Illuminate/Foundation/Http/Middleware/TransformsRequest.php(21): Illuminate\\Pipeline\\Pipeline->Illuminate\\Pipeline\\{closure}()
#40 /home/joshua/PhpstormProjects/mango-software/Kinetiq/vendor/laravel/framework/src/Illuminate/Foundation/Http/Middleware/TrimStrings.php(51): Illuminate\\Foundation\\Http\\Middleware\\TransformsRequest->handle()
#41 /home/joshua/PhpstormProjects/mango-software/Kinetiq/vendor/laravel/framework/src/Illuminate/Pipeline/Pipeline.php(183): Illuminate\\Foundation\\Http\\Middleware\\TrimStrings->handle()
#42 /home/joshua/PhpstormProjects/mango-software/Kinetiq/vendor/laravel/framework/src/Illuminate/Http/Middleware/ValidatePostSize.php(27): Illuminate\\Pipeline\\Pipeline->Illuminate\\Pipeline\\{closure}()
#43 /home/joshua/PhpstormProjects/mango-software/Kinetiq/vendor/laravel/framework/src/Illuminate/Pipeline/Pipeline.php(183): Illuminate\\Http\\Middleware\\ValidatePostSize->handle()
#44 /home/joshua/PhpstormProjects/mango-software/Kinetiq/vendor/laravel/framework/src/Illuminate/Foundation/Http/Middleware/PreventRequestsDuringMaintenance.php(110): Illuminate\\Pipeline\\Pipeline->Illuminate\\Pipeline\\{closure}()
#45 /home/joshua/PhpstormProjects/mango-software/Kinetiq/vendor/laravel/framework/src/Illuminate/Pipeline/Pipeline.php(183): Illuminate\\Foundation\\Http\\Middleware\\PreventRequestsDuringMaintenance->handle()
#46 /home/joshua/PhpstormProjects/mango-software/Kinetiq/vendor/laravel/framework/src/Illuminate/Http/Middleware/HandleCors.php(49): Illuminate\\Pipeline\\Pipeline->Illuminate\\Pipeline\\{closure}()
#47 /home/joshua/PhpstormProjects/mango-software/Kinetiq/vendor/laravel/framework/src/Illuminate/Pipeline/Pipeline.php(183): Illuminate\\Http\\Middleware\\HandleCors->handle()
#48 /home/joshua/PhpstormProjects/mango-software/Kinetiq/vendor/laravel/framework/src/Illuminate/Http/Middleware/TrustProxies.php(57): Illuminate\\Pipeline\\Pipeline->Illuminate\\Pipeline\\{closure}()
#49 /home/joshua/PhpstormProjects/mango-software/Kinetiq/vendor/laravel/framework/src/Illuminate/Pipeline/Pipeline.php(183): Illuminate\\Http\\Middleware\\TrustProxies->handle()
#50 /home/joshua/PhpstormProjects/mango-software/Kinetiq/vendor/laravel/framework/src/Illuminate/Pipeline/Pipeline.php(119): Illuminate\\Pipeline\\Pipeline->Illuminate\\Pipeline\\{closure}()
#51 /home/joshua/PhpstormProjects/mango-software/Kinetiq/vendor/laravel/framework/src/Illuminate/Foundation/Http/Kernel.php(175): Illuminate\\Pipeline\\Pipeline->then()
#52 /home/joshua/PhpstormProjects/mango-software/Kinetiq/vendor/laravel/framework/src/Illuminate/Foundation/Http/Kernel.php(144): Illuminate\\Foundation\\Http\\Kernel->sendRequestThroughRouter()
#53 /home/joshua/PhpstormProjects/mango-software/Kinetiq/vendor/laravel/framework/src/Illuminate/Foundation/Application.php(1168): Illuminate\\Foundation\\Http\\Kernel->handle()
#54 /home/joshua/PhpstormProjects/mango-software/Kinetiq/public/index.php(17): Illuminate\\Foundation\\Application->handleRequest()
#55 /home/joshua/PhpstormProjects/mango-software/Kinetiq/vendor/laravel/framework/src/Illuminate/Foundation/resources/server.php(16): require_once('...')
#56 {main}
"} 
[2024-04-26 19:13:21] local.ERROR: SQLSTATE[HY000] [1698] Access denied for user 'root'@'localhost' (Connection: mysql, SQL: select * from `sessions` where `id` = vGqCR9Ik96W7X7jiKlt1DjvDXNBbkwbKDn13dreQ limit 1) {"exception":"[object] (Illuminate\\Database\\QueryException(code: 1698): SQLSTATE[HY000] [1698] Access denied for user 'root'@'localhost' (Connection: mysql, SQL: select * from `sessions` where `id` = vGqCR9Ik96W7X7jiKlt1DjvDXNBbkwbKDn13dreQ limit 1) at /home/joshua/PhpstormProjects/mango-software/Kinetiq/vendor/laravel/framework/src/Illuminate/Database/Connection.php:813)
[stacktrace]
#0 /home/joshua/PhpstormProjects/mango-software/Kinetiq/vendor/laravel/framework/src/Illuminate/Database/Connection.php(767): Illuminate\\Database\\Connection->runQueryCallback()
#1 /home/joshua/PhpstormProjects/mango-software/Kinetiq/vendor/laravel/framework/src/Illuminate/Database/Connection.php(398): Illuminate\\Database\\Connection->run()
#2 /home/joshua/PhpstormProjects/mango-software/Kinetiq/vendor/laravel/framework/src/Illuminate/Database/Query/Builder.php(2934): Illuminate\\Database\\Connection->select()
#3 /home/joshua/PhpstormProjects/mango-software/Kinetiq/vendor/laravel/framework/src/Illuminate/Database/Query/Builder.php(2919): Illuminate\\Database\\Query\\Builder->runSelect()
#4 /home/joshua/PhpstormProjects/mango-software/Kinetiq/vendor/laravel/framework/src/Illuminate/Database/Query/Builder.php(3507): Illuminate\\Database\\Query\\Builder->Illuminate\\Database\\Query\\{closure}()
#5 /home/joshua/PhpstormProjects/mango-software/Kinetiq/vendor/laravel/framework/src/Illuminate/Database/Query/Builder.php(2918): Illuminate\\Database\\Query\\Builder->onceWithColumns()
#6 /home/joshua/PhpstormProjects/mango-software/Kinetiq/vendor/laravel/framework/src/Illuminate/Database/Concerns/BuildsQueries.php(335): Illuminate\\Database\\Query\\Builder->get()
#7 /home/joshua/PhpstormProjects/mango-software/Kinetiq/vendor/laravel/framework/src/Illuminate/Database/Query/Builder.php(2841): Illuminate\\Database\\Query\\Builder->first()
#8 /home/joshua/PhpstormProjects/mango-software/Kinetiq/vendor/laravel/framework/src/Illuminate/Session/DatabaseSessionHandler.php(97): Illuminate\\Database\\Query\\Builder->find()
#9 /home/joshua/PhpstormProjects/mango-software/Kinetiq/vendor/laravel/framework/src/Illuminate/Session/Store.php(113): Illuminate\\Session\\DatabaseSessionHandler->read()
#10 /home/joshua/PhpstormProjects/mango-software/Kinetiq/vendor/laravel/framework/src/Illuminate/Session/Store.php(101): Illuminate\\Session\\Store->readFromHandler()
#11 /home/joshua/PhpstormProjects/mango-software/Kinetiq/vendor/laravel/framework/src/Illuminate/Session/Store.php(85): Illuminate\\Session\\Store->loadSession()
#12 /home/joshua/PhpstormProjects/mango-software/Kinetiq/vendor/laravel/framework/src/Illuminate/Session/Middleware/StartSession.php(147): Illuminate\\Session\\Store->start()
#13 /home/joshua/PhpstormProjects/mango-software/Kinetiq/vendor/laravel/framework/src/Illuminate/Support/helpers.php(359): Illuminate\\Session\\Middleware\\StartSession->Illuminate\\Session\\Middleware\\{closure}()
#14 /home/joshua/PhpstormProjects/mango-software/Kinetiq/vendor/laravel/framework/src/Illuminate/Session/Middleware/StartSession.php(144): tap()
#15 /home/joshua/PhpstormProjects/mango-software/Kinetiq/vendor/laravel/framework/src/Illuminate/Session/Middleware/StartSession.php(116): Illuminate\\Session\\Middleware\\StartSession->startSession()
#16 /home/joshua/PhpstormProjects/mango-software/Kinetiq/vendor/laravel/framework/src/Illuminate/Session/Middleware/StartSession.php(64): Illuminate\\Session\\Middleware\\StartSession->handleStatefulRequest()
#17 /home/joshua/PhpstormProjects/mango-software/Kinetiq/vendor/laravel/framework/src/Illuminate/Pipeline/Pipeline.php(183): Illuminate\\Session\\Middleware\\StartSession->handle()
#18 /home/joshua/PhpstormProjects/mango-software/Kinetiq/vendor/laravel/framework/src/Illuminate/Cookie/Middleware/AddQueuedCookiesToResponse.php(37): Illuminate\\Pipeline\\Pipeline->Illuminate\\Pipeline\\{closure}()
#19 /home/joshua/PhpstormProjects/mango-software/Kinetiq/vendor/laravel/framework/src/Illuminate/Pipeline/Pipeline.php(183): Illuminate\\Cookie\\Middleware\\AddQueuedCookiesToResponse->handle()
#20 /home/joshua/PhpstormProjects/mango-software/Kinetiq/vendor/laravel/framework/src/Illuminate/Cookie/Middleware/EncryptCookies.php(75): Illuminate\\Pipeline\\Pipeline->Illuminate\\Pipeline\\{closure}()
#21 /home/joshua/PhpstormProjects/mango-software/Kinetiq/vendor/laravel/framework/src/Illuminate/Pipeline/Pipeline.php(183): Illuminate\\Cookie\\Middleware\\EncryptCookies->handle()
#22 /home/joshua/PhpstormProjects/mango-software/Kinetiq/vendor/laravel/framework/src/Illuminate/Pipeline/Pipeline.php(119): Illuminate\\Pipeline\\Pipeline->Illuminate\\Pipeline\\{closure}()
#23 /home/joshua/PhpstormProjects/mango-software/Kinetiq/vendor/laravel/framework/src/Illuminate/Routing/Router.php(805): Illuminate\\Pipeline\\Pipeline->then()
#24 /home/joshua/PhpstormProjects/mango-software/Kinetiq/vendor/laravel/framework/src/Illuminate/Routing/Router.php(784): Illuminate\\Routing\\Router->runRouteWithinStack()
#25 /home/joshua/PhpstormProjects/mango-software/Kinetiq/vendor/laravel/framework/src/Illuminate/Routing/Router.php(748): Illuminate\\Routing\\Router->runRoute()
#26 /home/joshua/PhpstormProjects/mango-software/Kinetiq/vendor/laravel/framework/src/Illuminate/Routing/Router.php(737): Illuminate\\Routing\\Router->dispatchToRoute()
#27 /home/joshua/PhpstormProjects/mango-software/Kinetiq/vendor/laravel/framework/src/Illuminate/Foundation/Http/Kernel.php(200): Illuminate\\Routing\\Router->dispatch()
#28 /home/joshua/PhpstormProjects/mango-software/Kinetiq/vendor/laravel/framework/src/Illuminate/Pipeline/Pipeline.php(144): Illuminate\\Foundation\\Http\\Kernel->Illuminate\\Foundation\\Http\\{closure}()
#29 /home/joshua/PhpstormProjects/mango-software/Kinetiq/vendor/laravel/framework/src/Illuminate/Foundation/Http/Middleware/TransformsRequest.php(21): Illuminate\\Pipeline\\Pipeline->Illuminate\\Pipeline\\{closure}()
#30 /home/joshua/PhpstormProjects/mango-software/Kinetiq/vendor/laravel/framework/src/Illuminate/Foundation/Http/Middleware/ConvertEmptyStringsToNull.php(31): Illuminate\\Foundation\\Http\\Middleware\\TransformsRequest->handle()
#31 /home/joshua/PhpstormProjects/mango-software/Kinetiq/vendor/laravel/framework/src/Illuminate/Pipeline/Pipeline.php(183): Illuminate\\Foundation\\Http\\Middleware\\ConvertEmptyStringsToNull->handle()
#32 /home/joshua/PhpstormProjects/mango-software/Kinetiq/vendor/laravel/framework/src/Illuminate/Foundation/Http/Middleware/TransformsRequest.php(21): Illuminate\\Pipeline\\Pipeline->Illuminate\\Pipeline\\{closure}()
#33 /home/joshua/PhpstormProjects/mango-software/Kinetiq/vendor/laravel/framework/src/Illuminate/Foundation/Http/Middleware/TrimStrings.php(51): Illuminate\\Foundation\\Http\\Middleware\\TransformsRequest->handle()
#34 /home/joshua/PhpstormProjects/mango-software/Kinetiq/vendor/laravel/framework/src/Illuminate/Pipeline/Pipeline.php(183): Illuminate\\Foundation\\Http\\Middleware\\TrimStrings->handle()
#35 /home/joshua/PhpstormProjects/mango-software/Kinetiq/vendor/laravel/framework/src/Illuminate/Http/Middleware/ValidatePostSize.php(27): Illuminate\\Pipeline\\Pipeline->Illuminate\\Pipeline\\{closure}()
#36 /home/joshua/PhpstormProjects/mango-software/Kinetiq/vendor/laravel/framework/src/Illuminate/Pipeline/Pipeline.php(183): Illuminate\\Http\\Middleware\\ValidatePostSize->handle()
#37 /home/joshua/PhpstormProjects/mango-software/Kinetiq/vendor/laravel/framework/src/Illuminate/Foundation/Http/Middleware/PreventRequestsDuringMaintenance.php(110): Illuminate\\Pipeline\\Pipeline->Illuminate\\Pipeline\\{closure}()
#38 /home/joshua/PhpstormProjects/mango-software/Kinetiq/vendor/laravel/framework/src/Illuminate/Pipeline/Pipeline.php(183): Illuminate\\Foundation\\Http\\Middleware\\PreventRequestsDuringMaintenance->handle()
#39 /home/joshua/PhpstormProjects/mango-software/Kinetiq/vendor/laravel/framework/src/Illuminate/Http/Middleware/HandleCors.php(49): Illuminate\\Pipeline\\Pipeline->Illuminate\\Pipeline\\{closure}()
#40 /home/joshua/PhpstormProjects/mango-software/Kinetiq/vendor/laravel/framework/src/Illuminate/Pipeline/Pipeline.php(183): Illuminate\\Http\\Middleware\\HandleCors->handle()
#41 /home/joshua/PhpstormProjects/mango-software/Kinetiq/vendor/laravel/framework/src/Illuminate/Http/Middleware/TrustProxies.php(57): Illuminate\\Pipeline\\Pipeline->Illuminate\\Pipeline\\{closure}()
#42 /home/joshua/PhpstormProjects/mango-software/Kinetiq/vendor/laravel/framework/src/Illuminate/Pipeline/Pipeline.php(183): Illuminate\\Http\\Middleware\\TrustProxies->handle()
#43 /home/joshua/PhpstormProjects/mango-software/Kinetiq/vendor/laravel/framework/src/Illuminate/Pipeline/Pipeline.php(119): Illuminate\\Pipeline\\Pipeline->Illuminate\\Pipeline\\{closure}()
#44 /home/joshua/PhpstormProjects/mango-software/Kinetiq/vendor/laravel/framework/src/Illuminate/Foundation/Http/Kernel.php(175): Illuminate\\Pipeline\\Pipeline->then()
#45 /home/joshua/PhpstormProjects/mango-software/Kinetiq/vendor/laravel/framework/src/Illuminate/Foundation/Http/Kernel.php(144): Illuminate\\Foundation\\Http\\Kernel->sendRequestThroughRouter()
#46 /home/joshua/PhpstormProjects/mango-software/Kinetiq/vendor/laravel/framework/src/Illuminate/Foundation/Application.php(1168): Illuminate\\Foundation\\Http\\Kernel->handle()
#47 /home/joshua/PhpstormProjects/mango-software/Kinetiq/public/index.php(17): Illuminate\\Foundation\\Application->handleRequest()
#48 /home/joshua/PhpstormProjects/mango-software/Kinetiq/vendor/laravel/framework/src/Illuminate/Foundation/resources/server.php(16): require_once('...')
#49 {main}

[previous exception] [object] (PDOException(code: 1698): SQLSTATE[HY000] [1698] Access denied for user 'root'@'localhost' at /home/joshua/PhpstormProjects/mango-software/Kinetiq/vendor/laravel/framework/src/Illuminate/Database/Connectors/Connector.php:65)
[stacktrace]
#0 /home/joshua/PhpstormProjects/mango-software/Kinetiq/vendor/laravel/framework/src/Illuminate/Database/Connectors/Connector.php(65): PDO->__construct()
#1 /home/joshua/PhpstormProjects/mango-software/Kinetiq/vendor/laravel/framework/src/Illuminate/Database/Connectors/Connector.php(44): Illuminate\\Database\\Connectors\\Connector->createPdoConnection()
#2 /home/joshua/PhpstormProjects/mango-software/Kinetiq/vendor/laravel/framework/src/Illuminate/Database/Connectors/MySqlConnector.php(24): Illuminate\\Database\\Connectors\\Connector->createConnection()
#3 /home/joshua/PhpstormProjects/mango-software/Kinetiq/vendor/laravel/framework/src/Illuminate/Database/Connectors/ConnectionFactory.php(185): Illuminate\\Database\\Connectors\\MySqlConnector->connect()
#4 [internal function]: Illuminate\\Database\\Connectors\\ConnectionFactory->Illuminate\\Database\\Connectors\\{closure}()
#5 /home/joshua/PhpstormProjects/mango-software/Kinetiq/vendor/laravel/framework/src/Illuminate/Database/Connection.php(1219): call_user_func()
#6 /home/joshua/PhpstormProjects/mango-software/Kinetiq/vendor/laravel/framework/src/Illuminate/Database/Connection.php(1255): Illuminate\\Database\\Connection->getPdo()
#7 /home/joshua/PhpstormProjects/mango-software/Kinetiq/vendor/laravel/framework/src/Illuminate/Database/Connection.php(512): Illuminate\\Database\\Connection->getReadPdo()
#8 /home/joshua/PhpstormProjects/mango-software/Kinetiq/vendor/laravel/framework/src/Illuminate/Database/Connection.php(407): Illuminate\\Database\\Connection->getPdoForSelect()
#9 /home/joshua/PhpstormProjects/mango-software/Kinetiq/vendor/laravel/framework/src/Illuminate/Database/Connection.php(800): Illuminate\\Database\\Connection->Illuminate\\Database\\{closure}()
#10 /home/joshua/PhpstormProjects/mango-software/Kinetiq/vendor/laravel/framework/src/Illuminate/Database/Connection.php(767): Illuminate\\Database\\Connection->runQueryCallback()
#11 /home/joshua/PhpstormProjects/mango-software/Kinetiq/vendor/laravel/framework/src/Illuminate/Database/Connection.php(398): Illuminate\\Database\\Connection->run()
#12 /home/joshua/PhpstormProjects/mango-software/Kinetiq/vendor/laravel/framework/src/Illuminate/Database/Query/Builder.php(2934): Illuminate\\Database\\Connection->select()
#13 /home/joshua/PhpstormProjects/mango-software/Kinetiq/vendor/laravel/framework/src/Illuminate/Database/Query/Builder.php(2919): Illuminate\\Database\\Query\\Builder->runSelect()
#14 /home/joshua/PhpstormProjects/mango-software/Kinetiq/vendor/laravel/framework/src/Illuminate/Database/Query/Builder.php(3507): Illuminate\\Database\\Query\\Builder->Illuminate\\Database\\Query\\{closure}()
#15 /home/joshua/PhpstormProjects/mango-software/Kinetiq/vendor/laravel/framework/src/Illuminate/Database/Query/Builder.php(2918): Illuminate\\Database\\Query\\Builder->onceWithColumns()
#16 /home/joshua/PhpstormProjects/mango-software/Kinetiq/vendor/laravel/framework/src/Illuminate/Database/Concerns/BuildsQueries.php(335): Illuminate\\Database\\Query\\Builder->get()
#17 /home/joshua/PhpstormProjects/mango-software/Kinetiq/vendor/laravel/framework/src/Illuminate/Database/Query/Builder.php(2841): Illuminate\\Database\\Query\\Builder->first()
#18 /home/joshua/PhpstormProjects/mango-software/Kinetiq/vendor/laravel/framework/src/Illuminate/Session/DatabaseSessionHandler.php(97): Illuminate\\Database\\Query\\Builder->find()
#19 /home/joshua/PhpstormProjects/mango-software/Kinetiq/vendor/laravel/framework/src/Illuminate/Session/Store.php(113): Illuminate\\Session\\DatabaseSessionHandler->read()
#20 /home/joshua/PhpstormProjects/mango-software/Kinetiq/vendor/laravel/framework/src/Illuminate/Session/Store.php(101): Illuminate\\Session\\Store->readFromHandler()
#21 /home/joshua/PhpstormProjects/mango-software/Kinetiq/vendor/laravel/framework/src/Illuminate/Session/Store.php(85): Illuminate\\Session\\Store->loadSession()
#22 /home/joshua/PhpstormProjects/mango-software/Kinetiq/vendor/laravel/framework/src/Illuminate/Session/Middleware/StartSession.php(147): Illuminate\\Session\\Store->start()
#23 /home/joshua/PhpstormProjects/mango-software/Kinetiq/vendor/laravel/framework/src/Illuminate/Support/helpers.php(359): Illuminate\\Session\\Middleware\\StartSession->Illuminate\\Session\\Middleware\\{closure}()
#24 /home/joshua/PhpstormProjects/mango-software/Kinetiq/vendor/laravel/framework/src/Illuminate/Session/Middleware/StartSession.php(144): tap()
#25 /home/joshua/PhpstormProjects/mango-software/Kinetiq/vendor/laravel/framework/src/Illuminate/Session/Middleware/StartSession.php(116): Illuminate\\Session\\Middleware\\StartSession->startSession()
#26 /home/joshua/PhpstormProjects/mango-software/Kinetiq/vendor/laravel/framework/src/Illuminate/Session/Middleware/StartSession.php(64): Illuminate\\Session\\Middleware\\StartSession->handleStatefulRequest()
#27 /home/joshua/PhpstormProjects/mango-software/Kinetiq/vendor/laravel/framework/src/Illuminate/Pipeline/Pipeline.php(183): Illuminate\\Session\\Middleware\\StartSession->handle()
#28 /home/joshua/PhpstormProjects/mango-software/Kinetiq/vendor/laravel/framework/src/Illuminate/Cookie/Middleware/AddQueuedCookiesToResponse.php(37): Illuminate\\Pipeline\\Pipeline->Illuminate\\Pipeline\\{closure}()
#29 /home/joshua/PhpstormProjects/mango-software/Kinetiq/vendor/laravel/framework/src/Illuminate/Pipeline/Pipeline.php(183): Illuminate\\Cookie\\Middleware\\AddQueuedCookiesToResponse->handle()
#30 /home/joshua/PhpstormProjects/mango-software/Kinetiq/vendor/laravel/framework/src/Illuminate/Cookie/Middleware/EncryptCookies.php(75): Illuminate\\Pipeline\\Pipeline->Illuminate\\Pipeline\\{closure}()
#31 /home/joshua/PhpstormProjects/mango-software/Kinetiq/vendor/laravel/framework/src/Illuminate/Pipeline/Pipeline.php(183): Illuminate\\Cookie\\Middleware\\EncryptCookies->handle()
#32 /home/joshua/PhpstormProjects/mango-software/Kinetiq/vendor/laravel/framework/src/Illuminate/Pipeline/Pipeline.php(119): Illuminate\\Pipeline\\Pipeline->Illuminate\\Pipeline\\{closure}()
#33 /home/joshua/PhpstormProjects/mango-software/Kinetiq/vendor/laravel/framework/src/Illuminate/Routing/Router.php(805): Illuminate\\Pipeline\\Pipeline->then()
#34 /home/joshua/PhpstormProjects/mango-software/Kinetiq/vendor/laravel/framework/src/Illuminate/Routing/Router.php(784): Illuminate\\Routing\\Router->runRouteWithinStack()
#35 /home/joshua/PhpstormProjects/mango-software/Kinetiq/vendor/laravel/framework/src/Illuminate/Routing/Router.php(748): Illuminate\\Routing\\Router->runRoute()
#36 /home/joshua/PhpstormProjects/mango-software/Kinetiq/vendor/laravel/framework/src/Illuminate/Routing/Router.php(737): Illuminate\\Routing\\Router->dispatchToRoute()
#37 /home/joshua/PhpstormProjects/mango-software/Kinetiq/vendor/laravel/framework/src/Illuminate/Foundation/Http/Kernel.php(200): Illuminate\\Routing\\Router->dispatch()
#38 /home/joshua/PhpstormProjects/mango-software/Kinetiq/vendor/laravel/framework/src/Illuminate/Pipeline/Pipeline.php(144): Illuminate\\Foundation\\Http\\Kernel->Illuminate\\Foundation\\Http\\{closure}()
#39 /home/joshua/PhpstormProjects/mango-software/Kinetiq/vendor/laravel/framework/src/Illuminate/Foundation/Http/Middleware/TransformsRequest.php(21): Illuminate\\Pipeline\\Pipeline->Illuminate\\Pipeline\\{closure}()
#40 /home/joshua/PhpstormProjects/mango-software/Kinetiq/vendor/laravel/framework/src/Illuminate/Foundation/Http/Middleware/ConvertEmptyStringsToNull.php(31): Illuminate\\Foundation\\Http\\Middleware\\TransformsRequest->handle()
#41 /home/joshua/PhpstormProjects/mango-software/Kinetiq/vendor/laravel/framework/src/Illuminate/Pipeline/Pipeline.php(183): Illuminate\\Foundation\\Http\\Middleware\\ConvertEmptyStringsToNull->handle()
#42 /home/joshua/PhpstormProjects/mango-software/Kinetiq/vendor/laravel/framework/src/Illuminate/Foundation/Http/Middleware/TransformsRequest.php(21): Illuminate\\Pipeline\\Pipeline->Illuminate\\Pipeline\\{closure}()
#43 /home/joshua/PhpstormProjects/mango-software/Kinetiq/vendor/laravel/framework/src/Illuminate/Foundation/Http/Middleware/TrimStrings.php(51): Illuminate\\Foundation\\Http\\Middleware\\TransformsRequest->handle()
#44 /home/joshua/PhpstormProjects/mango-software/Kinetiq/vendor/laravel/framework/src/Illuminate/Pipeline/Pipeline.php(183): Illuminate\\Foundation\\Http\\Middleware\\TrimStrings->handle()
#45 /home/joshua/PhpstormProjects/mango-software/Kinetiq/vendor/laravel/framework/src/Illuminate/Http/Middleware/ValidatePostSize.php(27): Illuminate\\Pipeline\\Pipeline->Illuminate\\Pipeline\\{closure}()
#46 /home/joshua/PhpstormProjects/mango-software/Kinetiq/vendor/laravel/framework/src/Illuminate/Pipeline/Pipeline.php(183): Illuminate\\Http\\Middleware\\ValidatePostSize->handle()
#47 /home/joshua/PhpstormProjects/mango-software/Kinetiq/vendor/laravel/framework/src/Illuminate/Foundation/Http/Middleware/PreventRequestsDuringMaintenance.php(110): Illuminate\\Pipeline\\Pipeline->Illuminate\\Pipeline\\{closure}()
#48 /home/joshua/PhpstormProjects/mango-software/Kinetiq/vendor/laravel/framework/src/Illuminate/Pipeline/Pipeline.php(183): Illuminate\\Foundation\\Http\\Middleware\\PreventRequestsDuringMaintenance->handle()
#49 /home/joshua/PhpstormProjects/mango-software/Kinetiq/vendor/laravel/framework/src/Illuminate/Http/Middleware/HandleCors.php(49): Illuminate\\Pipeline\\Pipeline->Illuminate\\Pipeline\\{closure}()
#50 /home/joshua/PhpstormProjects/mango-software/Kinetiq/vendor/laravel/framework/src/Illuminate/Pipeline/Pipeline.php(183): Illuminate\\Http\\Middleware\\HandleCors->handle()
#51 /home/joshua/PhpstormProjects/mango-software/Kinetiq/vendor/laravel/framework/src/Illuminate/Http/Middleware/TrustProxies.php(57): Illuminate\\Pipeline\\Pipeline->Illuminate\\Pipeline\\{closure}()
#52 /home/joshua/PhpstormProjects/mango-software/Kinetiq/vendor/laravel/framework/src/Illuminate/Pipeline/Pipeline.php(183): Illuminate\\Http\\Middleware\\TrustProxies->handle()
#53 /home/joshua/PhpstormProjects/mango-software/Kinetiq/vendor/laravel/framework/src/Illuminate/Pipeline/Pipeline.php(119): Illuminate\\Pipeline\\Pipeline->Illuminate\\Pipeline\\{closure}()
#54 /home/joshua/PhpstormProjects/mango-software/Kinetiq/vendor/laravel/framework/src/Illuminate/Foundation/Http/Kernel.php(175): Illuminate\\Pipeline\\Pipeline->then()
#55 /home/joshua/PhpstormProjects/mango-software/Kinetiq/vendor/laravel/framework/src/Illuminate/Foundation/Http/Kernel.php(144): Illuminate\\Foundation\\Http\\Kernel->sendRequestThroughRouter()
#56 /home/joshua/PhpstormProjects/mango-software/Kinetiq/vendor/laravel/framework/src/Illuminate/Foundation/Application.php(1168): Illuminate\\Foundation\\Http\\Kernel->handle()
#57 /home/joshua/PhpstormProjects/mango-software/Kinetiq/public/index.php(17): Illuminate\\Foundation\\Application->handleRequest()
#58 /home/joshua/PhpstormProjects/mango-software/Kinetiq/vendor/laravel/framework/src/Illuminate/Foundation/resources/server.php(16): require_once('...')
#59 {main}
"} 
[2024-04-26 19:15:26] local.ERROR: SQLSTATE[42S02]: Base table or view not found: 1146 Table 'kinetiq.sessions' doesn't exist (Connection: mysql, SQL: select * from `sessions` where `id` = Mlq9unMlkJvSFUbAwR1aYLIruYjmWHrYb1bac03r limit 1) {"exception":"[object] (Illuminate\\Database\\QueryException(code: 42S02): SQLSTATE[42S02]: Base table or view not found: 1146 Table 'kinetiq.sessions' doesn't exist (Connection: mysql, SQL: select * from `sessions` where `id` = Mlq9unMlkJvSFUbAwR1aYLIruYjmWHrYb1bac03r limit 1) at /home/joshua/PhpstormProjects/mango-software/Kinetiq/vendor/laravel/framework/src/Illuminate/Database/Connection.php:813)
[stacktrace]
#0 /home/joshua/PhpstormProjects/mango-software/Kinetiq/vendor/laravel/framework/src/Illuminate/Database/Connection.php(767): Illuminate\\Database\\Connection->runQueryCallback()
#1 /home/joshua/PhpstormProjects/mango-software/Kinetiq/vendor/laravel/framework/src/Illuminate/Database/Connection.php(398): Illuminate\\Database\\Connection->run()
#2 /home/joshua/PhpstormProjects/mango-software/Kinetiq/vendor/laravel/framework/src/Illuminate/Database/Query/Builder.php(2934): Illuminate\\Database\\Connection->select()
#3 /home/joshua/PhpstormProjects/mango-software/Kinetiq/vendor/laravel/framework/src/Illuminate/Database/Query/Builder.php(2919): Illuminate\\Database\\Query\\Builder->runSelect()
#4 /home/joshua/PhpstormProjects/mango-software/Kinetiq/vendor/laravel/framework/src/Illuminate/Database/Query/Builder.php(3507): Illuminate\\Database\\Query\\Builder->Illuminate\\Database\\Query\\{closure}()
#5 /home/joshua/PhpstormProjects/mango-software/Kinetiq/vendor/laravel/framework/src/Illuminate/Database/Query/Builder.php(2918): Illuminate\\Database\\Query\\Builder->onceWithColumns()
#6 /home/joshua/PhpstormProjects/mango-software/Kinetiq/vendor/laravel/framework/src/Illuminate/Database/Concerns/BuildsQueries.php(335): Illuminate\\Database\\Query\\Builder->get()
#7 /home/joshua/PhpstormProjects/mango-software/Kinetiq/vendor/laravel/framework/src/Illuminate/Database/Query/Builder.php(2841): Illuminate\\Database\\Query\\Builder->first()
#8 /home/joshua/PhpstormProjects/mango-software/Kinetiq/vendor/laravel/framework/src/Illuminate/Session/DatabaseSessionHandler.php(97): Illuminate\\Database\\Query\\Builder->find()
#9 /home/joshua/PhpstormProjects/mango-software/Kinetiq/vendor/laravel/framework/src/Illuminate/Session/Store.php(113): Illuminate\\Session\\DatabaseSessionHandler->read()
#10 /home/joshua/PhpstormProjects/mango-software/Kinetiq/vendor/laravel/framework/src/Illuminate/Session/Store.php(101): Illuminate\\Session\\Store->readFromHandler()
#11 /home/joshua/PhpstormProjects/mango-software/Kinetiq/vendor/laravel/framework/src/Illuminate/Session/Store.php(85): Illuminate\\Session\\Store->loadSession()
#12 /home/joshua/PhpstormProjects/mango-software/Kinetiq/vendor/laravel/framework/src/Illuminate/Session/Middleware/StartSession.php(147): Illuminate\\Session\\Store->start()
#13 /home/joshua/PhpstormProjects/mango-software/Kinetiq/vendor/laravel/framework/src/Illuminate/Support/helpers.php(359): Illuminate\\Session\\Middleware\\StartSession->Illuminate\\Session\\Middleware\\{closure}()
#14 /home/joshua/PhpstormProjects/mango-software/Kinetiq/vendor/laravel/framework/src/Illuminate/Session/Middleware/StartSession.php(144): tap()
#15 /home/joshua/PhpstormProjects/mango-software/Kinetiq/vendor/laravel/framework/src/Illuminate/Session/Middleware/StartSession.php(116): Illuminate\\Session\\Middleware\\StartSession->startSession()
#16 /home/joshua/PhpstormProjects/mango-software/Kinetiq/vendor/laravel/framework/src/Illuminate/Session/Middleware/StartSession.php(64): Illuminate\\Session\\Middleware\\StartSession->handleStatefulRequest()
#17 /home/joshua/PhpstormProjects/mango-software/Kinetiq/vendor/laravel/framework/src/Illuminate/Pipeline/Pipeline.php(183): Illuminate\\Session\\Middleware\\StartSession->handle()
#18 /home/joshua/PhpstormProjects/mango-software/Kinetiq/vendor/laravel/framework/src/Illuminate/Cookie/Middleware/AddQueuedCookiesToResponse.php(37): Illuminate\\Pipeline\\Pipeline->Illuminate\\Pipeline\\{closure}()
#19 /home/joshua/PhpstormProjects/mango-software/Kinetiq/vendor/laravel/framework/src/Illuminate/Pipeline/Pipeline.php(183): Illuminate\\Cookie\\Middleware\\AddQueuedCookiesToResponse->handle()
#20 /home/joshua/PhpstormProjects/mango-software/Kinetiq/vendor/laravel/framework/src/Illuminate/Cookie/Middleware/EncryptCookies.php(75): Illuminate\\Pipeline\\Pipeline->Illuminate\\Pipeline\\{closure}()
#21 /home/joshua/PhpstormProjects/mango-software/Kinetiq/vendor/laravel/framework/src/Illuminate/Pipeline/Pipeline.php(183): Illuminate\\Cookie\\Middleware\\EncryptCookies->handle()
#22 /home/joshua/PhpstormProjects/mango-software/Kinetiq/vendor/laravel/framework/src/Illuminate/Pipeline/Pipeline.php(119): Illuminate\\Pipeline\\Pipeline->Illuminate\\Pipeline\\{closure}()
#23 /home/joshua/PhpstormProjects/mango-software/Kinetiq/vendor/laravel/framework/src/Illuminate/Routing/Router.php(805): Illuminate\\Pipeline\\Pipeline->then()
#24 /home/joshua/PhpstormProjects/mango-software/Kinetiq/vendor/laravel/framework/src/Illuminate/Routing/Router.php(784): Illuminate\\Routing\\Router->runRouteWithinStack()
#25 /home/joshua/PhpstormProjects/mango-software/Kinetiq/vendor/laravel/framework/src/Illuminate/Routing/Router.php(748): Illuminate\\Routing\\Router->runRoute()
#26 /home/joshua/PhpstormProjects/mango-software/Kinetiq/vendor/laravel/framework/src/Illuminate/Routing/Router.php(737): Illuminate\\Routing\\Router->dispatchToRoute()
#27 /home/joshua/PhpstormProjects/mango-software/Kinetiq/vendor/laravel/framework/src/Illuminate/Foundation/Http/Kernel.php(200): Illuminate\\Routing\\Router->dispatch()
#28 /home/joshua/PhpstormProjects/mango-software/Kinetiq/vendor/laravel/framework/src/Illuminate/Pipeline/Pipeline.php(144): Illuminate\\Foundation\\Http\\Kernel->Illuminate\\Foundation\\Http\\{closure}()
#29 /home/joshua/PhpstormProjects/mango-software/Kinetiq/vendor/laravel/framework/src/Illuminate/Foundation/Http/Middleware/TransformsRequest.php(21): Illuminate\\Pipeline\\Pipeline->Illuminate\\Pipeline\\{closure}()
#30 /home/joshua/PhpstormProjects/mango-software/Kinetiq/vendor/laravel/framework/src/Illuminate/Foundation/Http/Middleware/ConvertEmptyStringsToNull.php(31): Illuminate\\Foundation\\Http\\Middleware\\TransformsRequest->handle()
#31 /home/joshua/PhpstormProjects/mango-software/Kinetiq/vendor/laravel/framework/src/Illuminate/Pipeline/Pipeline.php(183): Illuminate\\Foundation\\Http\\Middleware\\ConvertEmptyStringsToNull->handle()
#32 /home/joshua/PhpstormProjects/mango-software/Kinetiq/vendor/laravel/framework/src/Illuminate/Foundation/Http/Middleware/TransformsRequest.php(21): Illuminate\\Pipeline\\Pipeline->Illuminate\\Pipeline\\{closure}()
#33 /home/joshua/PhpstormProjects/mango-software/Kinetiq/vendor/laravel/framework/src/Illuminate/Foundation/Http/Middleware/TrimStrings.php(51): Illuminate\\Foundation\\Http\\Middleware\\TransformsRequest->handle()
#34 /home/joshua/PhpstormProjects/mango-software/Kinetiq/vendor/laravel/framework/src/Illuminate/Pipeline/Pipeline.php(183): Illuminate\\Foundation\\Http\\Middleware\\TrimStrings->handle()
#35 /home/joshua/PhpstormProjects/mango-software/Kinetiq/vendor/laravel/framework/src/Illuminate/Http/Middleware/ValidatePostSize.php(27): Illuminate\\Pipeline\\Pipeline->Illuminate\\Pipeline\\{closure}()
#36 /home/joshua/PhpstormProjects/mango-software/Kinetiq/vendor/laravel/framework/src/Illuminate/Pipeline/Pipeline.php(183): Illuminate\\Http\\Middleware\\ValidatePostSize->handle()
#37 /home/joshua/PhpstormProjects/mango-software/Kinetiq/vendor/laravel/framework/src/Illuminate/Foundation/Http/Middleware/PreventRequestsDuringMaintenance.php(110): Illuminate\\Pipeline\\Pipeline->Illuminate\\Pipeline\\{closure}()
#38 /home/joshua/PhpstormProjects/mango-software/Kinetiq/vendor/laravel/framework/src/Illuminate/Pipeline/Pipeline.php(183): Illuminate\\Foundation\\Http\\Middleware\\PreventRequestsDuringMaintenance->handle()
#39 /home/joshua/PhpstormProjects/mango-software/Kinetiq/vendor/laravel/framework/src/Illuminate/Http/Middleware/HandleCors.php(49): Illuminate\\Pipeline\\Pipeline->Illuminate\\Pipeline\\{closure}()
#40 /home/joshua/PhpstormProjects/mango-software/Kinetiq/vendor/laravel/framework/src/Illuminate/Pipeline/Pipeline.php(183): Illuminate\\Http\\Middleware\\HandleCors->handle()
#41 /home/joshua/PhpstormProjects/mango-software/Kinetiq/vendor/laravel/framework/src/Illuminate/Http/Middleware/TrustProxies.php(57): Illuminate\\Pipeline\\Pipeline->Illuminate\\Pipeline\\{closure}()
#42 /home/joshua/PhpstormProjects/mango-software/Kinetiq/vendor/laravel/framework/src/Illuminate/Pipeline/Pipeline.php(183): Illuminate\\Http\\Middleware\\TrustProxies->handle()
#43 /home/joshua/PhpstormProjects/mango-software/Kinetiq/vendor/laravel/framework/src/Illuminate/Pipeline/Pipeline.php(119): Illuminate\\Pipeline\\Pipeline->Illuminate\\Pipeline\\{closure}()
#44 /home/joshua/PhpstormProjects/mango-software/Kinetiq/vendor/laravel/framework/src/Illuminate/Foundation/Http/Kernel.php(175): Illuminate\\Pipeline\\Pipeline->then()
#45 /home/joshua/PhpstormProjects/mango-software/Kinetiq/vendor/laravel/framework/src/Illuminate/Foundation/Http/Kernel.php(144): Illuminate\\Foundation\\Http\\Kernel->sendRequestThroughRouter()
#46 /home/joshua/PhpstormProjects/mango-software/Kinetiq/vendor/laravel/framework/src/Illuminate/Foundation/Application.php(1168): Illuminate\\Foundation\\Http\\Kernel->handle()
#47 /home/joshua/PhpstormProjects/mango-software/Kinetiq/public/index.php(17): Illuminate\\Foundation\\Application->handleRequest()
#48 /home/joshua/PhpstormProjects/mango-software/Kinetiq/vendor/laravel/framework/src/Illuminate/Foundation/resources/server.php(16): require_once('...')
#49 {main}

[previous exception] [object] (PDOException(code: 42S02): SQLSTATE[42S02]: Base table or view not found: 1146 Table 'kinetiq.sessions' doesn't exist at /home/joshua/PhpstormProjects/mango-software/Kinetiq/vendor/laravel/framework/src/Illuminate/Database/Connection.php:407)
[stacktrace]
#0 /home/joshua/PhpstormProjects/mango-software/Kinetiq/vendor/laravel/framework/src/Illuminate/Database/Connection.php(407): PDO->prepare()
#1 /home/joshua/PhpstormProjects/mango-software/Kinetiq/vendor/laravel/framework/src/Illuminate/Database/Connection.php(800): Illuminate\\Database\\Connection->Illuminate\\Database\\{closure}()
#2 /home/joshua/PhpstormProjects/mango-software/Kinetiq/vendor/laravel/framework/src/Illuminate/Database/Connection.php(767): Illuminate\\Database\\Connection->runQueryCallback()
#3 /home/joshua/PhpstormProjects/mango-software/Kinetiq/vendor/laravel/framework/src/Illuminate/Database/Connection.php(398): Illuminate\\Database\\Connection->run()
#4 /home/joshua/PhpstormProjects/mango-software/Kinetiq/vendor/laravel/framework/src/Illuminate/Database/Query/Builder.php(2934): Illuminate\\Database\\Connection->select()
#5 /home/joshua/PhpstormProjects/mango-software/Kinetiq/vendor/laravel/framework/src/Illuminate/Database/Query/Builder.php(2919): Illuminate\\Database\\Query\\Builder->runSelect()
#6 /home/joshua/PhpstormProjects/mango-software/Kinetiq/vendor/laravel/framework/src/Illuminate/Database/Query/Builder.php(3507): Illuminate\\Database\\Query\\Builder->Illuminate\\Database\\Query\\{closure}()
#7 /home/joshua/PhpstormProjects/mango-software/Kinetiq/vendor/laravel/framework/src/Illuminate/Database/Query/Builder.php(2918): Illuminate\\Database\\Query\\Builder->onceWithColumns()
#8 /home/joshua/PhpstormProjects/mango-software/Kinetiq/vendor/laravel/framework/src/Illuminate/Database/Concerns/BuildsQueries.php(335): Illuminate\\Database\\Query\\Builder->get()
#9 /home/joshua/PhpstormProjects/mango-software/Kinetiq/vendor/laravel/framework/src/Illuminate/Database/Query/Builder.php(2841): Illuminate\\Database\\Query\\Builder->first()
#10 /home/joshua/PhpstormProjects/mango-software/Kinetiq/vendor/laravel/framework/src/Illuminate/Session/DatabaseSessionHandler.php(97): Illuminate\\Database\\Query\\Builder->find()
#11 /home/joshua/PhpstormProjects/mango-software/Kinetiq/vendor/laravel/framework/src/Illuminate/Session/Store.php(113): Illuminate\\Session\\DatabaseSessionHandler->read()
#12 /home/joshua/PhpstormProjects/mango-software/Kinetiq/vendor/laravel/framework/src/Illuminate/Session/Store.php(101): Illuminate\\Session\\Store->readFromHandler()
#13 /home/joshua/PhpstormProjects/mango-software/Kinetiq/vendor/laravel/framework/src/Illuminate/Session/Store.php(85): Illuminate\\Session\\Store->loadSession()
#14 /home/joshua/PhpstormProjects/mango-software/Kinetiq/vendor/laravel/framework/src/Illuminate/Session/Middleware/StartSession.php(147): Illuminate\\Session\\Store->start()
#15 /home/joshua/PhpstormProjects/mango-software/Kinetiq/vendor/laravel/framework/src/Illuminate/Support/helpers.php(359): Illuminate\\Session\\Middleware\\StartSession->Illuminate\\Session\\Middleware\\{closure}()
#16 /home/joshua/PhpstormProjects/mango-software/Kinetiq/vendor/laravel/framework/src/Illuminate/Session/Middleware/StartSession.php(144): tap()
#17 /home/joshua/PhpstormProjects/mango-software/Kinetiq/vendor/laravel/framework/src/Illuminate/Session/Middleware/StartSession.php(116): Illuminate\\Session\\Middleware\\StartSession->startSession()
#18 /home/joshua/PhpstormProjects/mango-software/Kinetiq/vendor/laravel/framework/src/Illuminate/Session/Middleware/StartSession.php(64): Illuminate\\Session\\Middleware\\StartSession->handleStatefulRequest()
#19 /home/joshua/PhpstormProjects/mango-software/Kinetiq/vendor/laravel/framework/src/Illuminate/Pipeline/Pipeline.php(183): Illuminate\\Session\\Middleware\\StartSession->handle()
#20 /home/joshua/PhpstormProjects/mango-software/Kinetiq/vendor/laravel/framework/src/Illuminate/Cookie/Middleware/AddQueuedCookiesToResponse.php(37): Illuminate\\Pipeline\\Pipeline->Illuminate\\Pipeline\\{closure}()
#21 /home/joshua/PhpstormProjects/mango-software/Kinetiq/vendor/laravel/framework/src/Illuminate/Pipeline/Pipeline.php(183): Illuminate\\Cookie\\Middleware\\AddQueuedCookiesToResponse->handle()
#22 /home/joshua/PhpstormProjects/mango-software/Kinetiq/vendor/laravel/framework/src/Illuminate/Cookie/Middleware/EncryptCookies.php(75): Illuminate\\Pipeline\\Pipeline->Illuminate\\Pipeline\\{closure}()
#23 /home/joshua/PhpstormProjects/mango-software/Kinetiq/vendor/laravel/framework/src/Illuminate/Pipeline/Pipeline.php(183): Illuminate\\Cookie\\Middleware\\EncryptCookies->handle()
#24 /home/joshua/PhpstormProjects/mango-software/Kinetiq/vendor/laravel/framework/src/Illuminate/Pipeline/Pipeline.php(119): Illuminate\\Pipeline\\Pipeline->Illuminate\\Pipeline\\{closure}()
#25 /home/joshua/PhpstormProjects/mango-software/Kinetiq/vendor/laravel/framework/src/Illuminate/Routing/Router.php(805): Illuminate\\Pipeline\\Pipeline->then()
#26 /home/joshua/PhpstormProjects/mango-software/Kinetiq/vendor/laravel/framework/src/Illuminate/Routing/Router.php(784): Illuminate\\Routing\\Router->runRouteWithinStack()
#27 /home/joshua/PhpstormProjects/mango-software/Kinetiq/vendor/laravel/framework/src/Illuminate/Routing/Router.php(748): Illuminate\\Routing\\Router->runRoute()
#28 /home/joshua/PhpstormProjects/mango-software/Kinetiq/vendor/laravel/framework/src/Illuminate/Routing/Router.php(737): Illuminate\\Routing\\Router->dispatchToRoute()
#29 /home/joshua/PhpstormProjects/mango-software/Kinetiq/vendor/laravel/framework/src/Illuminate/Foundation/Http/Kernel.php(200): Illuminate\\Routing\\Router->dispatch()
#30 /home/joshua/PhpstormProjects/mango-software/Kinetiq/vendor/laravel/framework/src/Illuminate/Pipeline/Pipeline.php(144): Illuminate\\Foundation\\Http\\Kernel->Illuminate\\Foundation\\Http\\{closure}()
#31 /home/joshua/PhpstormProjects/mango-software/Kinetiq/vendor/laravel/framework/src/Illuminate/Foundation/Http/Middleware/TransformsRequest.php(21): Illuminate\\Pipeline\\Pipeline->Illuminate\\Pipeline\\{closure}()
#32 /home/joshua/PhpstormProjects/mango-software/Kinetiq/vendor/laravel/framework/src/Illuminate/Foundation/Http/Middleware/ConvertEmptyStringsToNull.php(31): Illuminate\\Foundation\\Http\\Middleware\\TransformsRequest->handle()
#33 /home/joshua/PhpstormProjects/mango-software/Kinetiq/vendor/laravel/framework/src/Illuminate/Pipeline/Pipeline.php(183): Illuminate\\Foundation\\Http\\Middleware\\ConvertEmptyStringsToNull->handle()
#34 /home/joshua/PhpstormProjects/mango-software/Kinetiq/vendor/laravel/framework/src/Illuminate/Foundation/Http/Middleware/TransformsRequest.php(21): Illuminate\\Pipeline\\Pipeline->Illuminate\\Pipeline\\{closure}()
#35 /home/joshua/PhpstormProjects/mango-software/Kinetiq/vendor/laravel/framework/src/Illuminate/Foundation/Http/Middleware/TrimStrings.php(51): Illuminate\\Foundation\\Http\\Middleware\\TransformsRequest->handle()
#36 /home/joshua/PhpstormProjects/mango-software/Kinetiq/vendor/laravel/framework/src/Illuminate/Pipeline/Pipeline.php(183): Illuminate\\Foundation\\Http\\Middleware\\TrimStrings->handle()
#37 /home/joshua/PhpstormProjects/mango-software/Kinetiq/vendor/laravel/framework/src/Illuminate/Http/Middleware/ValidatePostSize.php(27): Illuminate\\Pipeline\\Pipeline->Illuminate\\Pipeline\\{closure}()
#38 /home/joshua/PhpstormProjects/mango-software/Kinetiq/vendor/laravel/framework/src/Illuminate/Pipeline/Pipeline.php(183): Illuminate\\Http\\Middleware\\ValidatePostSize->handle()
#39 /home/joshua/PhpstormProjects/mango-software/Kinetiq/vendor/laravel/framework/src/Illuminate/Foundation/Http/Middleware/PreventRequestsDuringMaintenance.php(110): Illuminate\\Pipeline\\Pipeline->Illuminate\\Pipeline\\{closure}()
#40 /home/joshua/PhpstormProjects/mango-software/Kinetiq/vendor/laravel/framework/src/Illuminate/Pipeline/Pipeline.php(183): Illuminate\\Foundation\\Http\\Middleware\\PreventRequestsDuringMaintenance->handle()
#41 /home/joshua/PhpstormProjects/mango-software/Kinetiq/vendor/laravel/framework/src/Illuminate/Http/Middleware/HandleCors.php(49): Illuminate\\Pipeline\\Pipeline->Illuminate\\Pipeline\\{closure}()
#42 /home/joshua/PhpstormProjects/mango-software/Kinetiq/vendor/laravel/framework/src/Illuminate/Pipeline/Pipeline.php(183): Illuminate\\Http\\Middleware\\HandleCors->handle()
#43 /home/joshua/PhpstormProjects/mango-software/Kinetiq/vendor/laravel/framework/src/Illuminate/Http/Middleware/TrustProxies.php(57): Illuminate\\Pipeline\\Pipeline->Illuminate\\Pipeline\\{closure}()
#44 /home/joshua/PhpstormProjects/mango-software/Kinetiq/vendor/laravel/framework/src/Illuminate/Pipeline/Pipeline.php(183): Illuminate\\Http\\Middleware\\TrustProxies->handle()
#45 /home/joshua/PhpstormProjects/mango-software/Kinetiq/vendor/laravel/framework/src/Illuminate/Pipeline/Pipeline.php(119): Illuminate\\Pipeline\\Pipeline->Illuminate\\Pipeline\\{closure}()
#46 /home/joshua/PhpstormProjects/mango-software/Kinetiq/vendor/laravel/framework/src/Illuminate/Foundation/Http/Kernel.php(175): Illuminate\\Pipeline\\Pipeline->then()
#47 /home/joshua/PhpstormProjects/mango-software/Kinetiq/vendor/laravel/framework/src/Illuminate/Foundation/Http/Kernel.php(144): Illuminate\\Foundation\\Http\\Kernel->sendRequestThroughRouter()
#48 /home/joshua/PhpstormProjects/mango-software/Kinetiq/vendor/laravel/framework/src/Illuminate/Foundation/Application.php(1168): Illuminate\\Foundation\\Http\\Kernel->handle()
#49 /home/joshua/PhpstormProjects/mango-software/Kinetiq/public/index.php(17): Illuminate\\Foundation\\Application->handleRequest()
#50 /home/joshua/PhpstormProjects/mango-software/Kinetiq/vendor/laravel/framework/src/Illuminate/Foundation/resources/server.php(16): require_once('...')
#51 {main}
"} 
[2024-04-26 19:32:06] local.ERROR: View [layouts.app] not found. {"exception":"[object] (InvalidArgumentException(code: 0): View [layouts.app] not found. at /home/joshua/PhpstormProjects/mango-software/Kinetiq/vendor/laravel/framework/src/Illuminate/View/FileViewFinder.php:139)
[stacktrace]
#0 /home/joshua/PhpstormProjects/mango-software/Kinetiq/vendor/laravel/framework/src/Illuminate/View/FileViewFinder.php(79): Illuminate\\View\\FileViewFinder->findInPaths()
#1 /home/joshua/PhpstormProjects/mango-software/Kinetiq/vendor/laravel/framework/src/Illuminate/View/Factory.php(151): Illuminate\\View\\FileViewFinder->find()
#2 /home/joshua/PhpstormProjects/mango-software/Kinetiq/vendor/laravel/framework/src/Illuminate/Foundation/helpers.php(1040): Illuminate\\View\\Factory->make()
#3 /home/joshua/PhpstormProjects/mango-software/Kinetiq/routes/web.php(6): view()
#4 /home/joshua/PhpstormProjects/mango-software/Kinetiq/vendor/laravel/framework/src/Illuminate/Routing/CallableDispatcher.php(40): Illuminate\\Routing\\RouteFileRegistrar->{closure}()
#5 /home/joshua/PhpstormProjects/mango-software/Kinetiq/vendor/laravel/framework/src/Illuminate/Routing/Route.php(238): Illuminate\\Routing\\CallableDispatcher->dispatch()
#6 /home/joshua/PhpstormProjects/mango-software/Kinetiq/vendor/laravel/framework/src/Illuminate/Routing/Route.php(209): Illuminate\\Routing\\Route->runCallable()
#7 /home/joshua/PhpstormProjects/mango-software/Kinetiq/vendor/laravel/framework/src/Illuminate/Routing/Router.php(806): Illuminate\\Routing\\Route->run()
#8 /home/joshua/PhpstormProjects/mango-software/Kinetiq/vendor/laravel/framework/src/Illuminate/Pipeline/Pipeline.php(144): Illuminate\\Routing\\Router->Illuminate\\Routing\\{closure}()
#9 /home/joshua/PhpstormProjects/mango-software/Kinetiq/vendor/laravel/framework/src/Illuminate/Routing/Middleware/SubstituteBindings.php(50): Illuminate\\Pipeline\\Pipeline->Illuminate\\Pipeline\\{closure}()
#10 /home/joshua/PhpstormProjects/mango-software/Kinetiq/vendor/laravel/framework/src/Illuminate/Pipeline/Pipeline.php(183): Illuminate\\Routing\\Middleware\\SubstituteBindings->handle()
#11 /home/joshua/PhpstormProjects/mango-software/Kinetiq/vendor/laravel/framework/src/Illuminate/Foundation/Http/Middleware/VerifyCsrfToken.php(88): Illuminate\\Pipeline\\Pipeline->Illuminate\\Pipeline\\{closure}()
#12 /home/joshua/PhpstormProjects/mango-software/Kinetiq/vendor/laravel/framework/src/Illuminate/Pipeline/Pipeline.php(183): Illuminate\\Foundation\\Http\\Middleware\\VerifyCsrfToken->handle()
#13 /home/joshua/PhpstormProjects/mango-software/Kinetiq/vendor/laravel/framework/src/Illuminate/View/Middleware/ShareErrorsFromSession.php(49): Illuminate\\Pipeline\\Pipeline->Illuminate\\Pipeline\\{closure}()
#14 /home/joshua/PhpstormProjects/mango-software/Kinetiq/vendor/laravel/framework/src/Illuminate/Pipeline/Pipeline.php(183): Illuminate\\View\\Middleware\\ShareErrorsFromSession->handle()
#15 /home/joshua/PhpstormProjects/mango-software/Kinetiq/vendor/laravel/framework/src/Illuminate/Session/Middleware/StartSession.php(121): Illuminate\\Pipeline\\Pipeline->Illuminate\\Pipeline\\{closure}()
#16 /home/joshua/PhpstormProjects/mango-software/Kinetiq/vendor/laravel/framework/src/Illuminate/Session/Middleware/StartSession.php(64): Illuminate\\Session\\Middleware\\StartSession->handleStatefulRequest()
#17 /home/joshua/PhpstormProjects/mango-software/Kinetiq/vendor/laravel/framework/src/Illuminate/Pipeline/Pipeline.php(183): Illuminate\\Session\\Middleware\\StartSession->handle()
#18 /home/joshua/PhpstormProjects/mango-software/Kinetiq/vendor/laravel/framework/src/Illuminate/Cookie/Middleware/AddQueuedCookiesToResponse.php(37): Illuminate\\Pipeline\\Pipeline->Illuminate\\Pipeline\\{closure}()
#19 /home/joshua/PhpstormProjects/mango-software/Kinetiq/vendor/laravel/framework/src/Illuminate/Pipeline/Pipeline.php(183): Illuminate\\Cookie\\Middleware\\AddQueuedCookiesToResponse->handle()
#20 /home/joshua/PhpstormProjects/mango-software/Kinetiq/vendor/laravel/framework/src/Illuminate/Cookie/Middleware/EncryptCookies.php(75): Illuminate\\Pipeline\\Pipeline->Illuminate\\Pipeline\\{closure}()
#21 /home/joshua/PhpstormProjects/mango-software/Kinetiq/vendor/laravel/framework/src/Illuminate/Pipeline/Pipeline.php(183): Illuminate\\Cookie\\Middleware\\EncryptCookies->handle()
#22 /home/joshua/PhpstormProjects/mango-software/Kinetiq/vendor/laravel/framework/src/Illuminate/Pipeline/Pipeline.php(119): Illuminate\\Pipeline\\Pipeline->Illuminate\\Pipeline\\{closure}()
#23 /home/joshua/PhpstormProjects/mango-software/Kinetiq/vendor/laravel/framework/src/Illuminate/Routing/Router.php(805): Illuminate\\Pipeline\\Pipeline->then()
#24 /home/joshua/PhpstormProjects/mango-software/Kinetiq/vendor/laravel/framework/src/Illuminate/Routing/Router.php(784): Illuminate\\Routing\\Router->runRouteWithinStack()
#25 /home/joshua/PhpstormProjects/mango-software/Kinetiq/vendor/laravel/framework/src/Illuminate/Routing/Router.php(748): Illuminate\\Routing\\Router->runRoute()
#26 /home/joshua/PhpstormProjects/mango-software/Kinetiq/vendor/laravel/framework/src/Illuminate/Routing/Router.php(737): Illuminate\\Routing\\Router->dispatchToRoute()
#27 /home/joshua/PhpstormProjects/mango-software/Kinetiq/vendor/laravel/framework/src/Illuminate/Foundation/Http/Kernel.php(200): Illuminate\\Routing\\Router->dispatch()
#28 /home/joshua/PhpstormProjects/mango-software/Kinetiq/vendor/laravel/framework/src/Illuminate/Pipeline/Pipeline.php(144): Illuminate\\Foundation\\Http\\Kernel->Illuminate\\Foundation\\Http\\{closure}()
#29 /home/joshua/PhpstormProjects/mango-software/Kinetiq/vendor/laravel/framework/src/Illuminate/Foundation/Http/Middleware/TransformsRequest.php(21): Illuminate\\Pipeline\\Pipeline->Illuminate\\Pipeline\\{closure}()
#30 /home/joshua/PhpstormProjects/mango-software/Kinetiq/vendor/laravel/framework/src/Illuminate/Foundation/Http/Middleware/ConvertEmptyStringsToNull.php(31): Illuminate\\Foundation\\Http\\Middleware\\TransformsRequest->handle()
#31 /home/joshua/PhpstormProjects/mango-software/Kinetiq/vendor/laravel/framework/src/Illuminate/Pipeline/Pipeline.php(183): Illuminate\\Foundation\\Http\\Middleware\\ConvertEmptyStringsToNull->handle()
#32 /home/joshua/PhpstormProjects/mango-software/Kinetiq/vendor/laravel/framework/src/Illuminate/Foundation/Http/Middleware/TransformsRequest.php(21): Illuminate\\Pipeline\\Pipeline->Illuminate\\Pipeline\\{closure}()
#33 /home/joshua/PhpstormProjects/mango-software/Kinetiq/vendor/laravel/framework/src/Illuminate/Foundation/Http/Middleware/TrimStrings.php(51): Illuminate\\Foundation\\Http\\Middleware\\TransformsRequest->handle()
#34 /home/joshua/PhpstormProjects/mango-software/Kinetiq/vendor/laravel/framework/src/Illuminate/Pipeline/Pipeline.php(183): Illuminate\\Foundation\\Http\\Middleware\\TrimStrings->handle()
#35 /home/joshua/PhpstormProjects/mango-software/Kinetiq/vendor/laravel/framework/src/Illuminate/Http/Middleware/ValidatePostSize.php(27): Illuminate\\Pipeline\\Pipeline->Illuminate\\Pipeline\\{closure}()
#36 /home/joshua/PhpstormProjects/mango-software/Kinetiq/vendor/laravel/framework/src/Illuminate/Pipeline/Pipeline.php(183): Illuminate\\Http\\Middleware\\ValidatePostSize->handle()
#37 /home/joshua/PhpstormProjects/mango-software/Kinetiq/vendor/laravel/framework/src/Illuminate/Foundation/Http/Middleware/PreventRequestsDuringMaintenance.php(110): Illuminate\\Pipeline\\Pipeline->Illuminate\\Pipeline\\{closure}()
#38 /home/joshua/PhpstormProjects/mango-software/Kinetiq/vendor/laravel/framework/src/Illuminate/Pipeline/Pipeline.php(183): Illuminate\\Foundation\\Http\\Middleware\\PreventRequestsDuringMaintenance->handle()
#39 /home/joshua/PhpstormProjects/mango-software/Kinetiq/vendor/laravel/framework/src/Illuminate/Http/Middleware/HandleCors.php(49): Illuminate\\Pipeline\\Pipeline->Illuminate\\Pipeline\\{closure}()
#40 /home/joshua/PhpstormProjects/mango-software/Kinetiq/vendor/laravel/framework/src/Illuminate/Pipeline/Pipeline.php(183): Illuminate\\Http\\Middleware\\HandleCors->handle()
#41 /home/joshua/PhpstormProjects/mango-software/Kinetiq/vendor/laravel/framework/src/Illuminate/Http/Middleware/TrustProxies.php(57): Illuminate\\Pipeline\\Pipeline->Illuminate\\Pipeline\\{closure}()
#42 /home/joshua/PhpstormProjects/mango-software/Kinetiq/vendor/laravel/framework/src/Illuminate/Pipeline/Pipeline.php(183): Illuminate\\Http\\Middleware\\TrustProxies->handle()
#43 /home/joshua/PhpstormProjects/mango-software/Kinetiq/vendor/laravel/framework/src/Illuminate/Pipeline/Pipeline.php(119): Illuminate\\Pipeline\\Pipeline->Illuminate\\Pipeline\\{closure}()
#44 /home/joshua/PhpstormProjects/mango-software/Kinetiq/vendor/laravel/framework/src/Illuminate/Foundation/Http/Kernel.php(175): Illuminate\\Pipeline\\Pipeline->then()
#45 /home/joshua/PhpstormProjects/mango-software/Kinetiq/vendor/laravel/framework/src/Illuminate/Foundation/Http/Kernel.php(144): Illuminate\\Foundation\\Http\\Kernel->sendRequestThroughRouter()
#46 /home/joshua/PhpstormProjects/mango-software/Kinetiq/vendor/laravel/framework/src/Illuminate/Foundation/Application.php(1168): Illuminate\\Foundation\\Http\\Kernel->handle()
#47 /home/joshua/PhpstormProjects/mango-software/Kinetiq/public/index.php(17): Illuminate\\Foundation\\Application->handleRequest()
#48 /home/joshua/PhpstormProjects/mango-software/Kinetiq/vendor/laravel/framework/src/Illuminate/Foundation/resources/server.php(16): require_once('...')
#49 {main}
"} 
[2024-04-26 19:33:01] local.ERROR: View [layouts.app] not found. {"exception":"[object] (InvalidArgumentException(code: 0): View [layouts.app] not found. at /home/joshua/PhpstormProjects/mango-software/Kinetiq/vendor/laravel/framework/src/Illuminate/View/FileViewFinder.php:139)
[stacktrace]
#0 /home/joshua/PhpstormProjects/mango-software/Kinetiq/vendor/laravel/framework/src/Illuminate/View/FileViewFinder.php(79): Illuminate\\View\\FileViewFinder->findInPaths()
#1 /home/joshua/PhpstormProjects/mango-software/Kinetiq/vendor/laravel/framework/src/Illuminate/View/Factory.php(151): Illuminate\\View\\FileViewFinder->find()
#2 /home/joshua/PhpstormProjects/mango-software/Kinetiq/vendor/laravel/framework/src/Illuminate/Foundation/helpers.php(1040): Illuminate\\View\\Factory->make()
#3 /home/joshua/PhpstormProjects/mango-software/Kinetiq/routes/web.php(6): view()
#4 /home/joshua/PhpstormProjects/mango-software/Kinetiq/vendor/laravel/framework/src/Illuminate/Routing/CallableDispatcher.php(40): Illuminate\\Routing\\RouteFileRegistrar->{closure}()
#5 /home/joshua/PhpstormProjects/mango-software/Kinetiq/vendor/laravel/framework/src/Illuminate/Routing/Route.php(238): Illuminate\\Routing\\CallableDispatcher->dispatch()
#6 /home/joshua/PhpstormProjects/mango-software/Kinetiq/vendor/laravel/framework/src/Illuminate/Routing/Route.php(209): Illuminate\\Routing\\Route->runCallable()
#7 /home/joshua/PhpstormProjects/mango-software/Kinetiq/vendor/laravel/framework/src/Illuminate/Routing/Router.php(806): Illuminate\\Routing\\Route->run()
#8 /home/joshua/PhpstormProjects/mango-software/Kinetiq/vendor/laravel/framework/src/Illuminate/Pipeline/Pipeline.php(144): Illuminate\\Routing\\Router->Illuminate\\Routing\\{closure}()
#9 /home/joshua/PhpstormProjects/mango-software/Kinetiq/vendor/laravel/framework/src/Illuminate/Routing/Middleware/SubstituteBindings.php(50): Illuminate\\Pipeline\\Pipeline->Illuminate\\Pipeline\\{closure}()
#10 /home/joshua/PhpstormProjects/mango-software/Kinetiq/vendor/laravel/framework/src/Illuminate/Pipeline/Pipeline.php(183): Illuminate\\Routing\\Middleware\\SubstituteBindings->handle()
#11 /home/joshua/PhpstormProjects/mango-software/Kinetiq/vendor/laravel/framework/src/Illuminate/Foundation/Http/Middleware/VerifyCsrfToken.php(88): Illuminate\\Pipeline\\Pipeline->Illuminate\\Pipeline\\{closure}()
#12 /home/joshua/PhpstormProjects/mango-software/Kinetiq/vendor/laravel/framework/src/Illuminate/Pipeline/Pipeline.php(183): Illuminate\\Foundation\\Http\\Middleware\\VerifyCsrfToken->handle()
#13 /home/joshua/PhpstormProjects/mango-software/Kinetiq/vendor/laravel/framework/src/Illuminate/View/Middleware/ShareErrorsFromSession.php(49): Illuminate\\Pipeline\\Pipeline->Illuminate\\Pipeline\\{closure}()
#14 /home/joshua/PhpstormProjects/mango-software/Kinetiq/vendor/laravel/framework/src/Illuminate/Pipeline/Pipeline.php(183): Illuminate\\View\\Middleware\\ShareErrorsFromSession->handle()
#15 /home/joshua/PhpstormProjects/mango-software/Kinetiq/vendor/laravel/framework/src/Illuminate/Session/Middleware/StartSession.php(121): Illuminate\\Pipeline\\Pipeline->Illuminate\\Pipeline\\{closure}()
#16 /home/joshua/PhpstormProjects/mango-software/Kinetiq/vendor/laravel/framework/src/Illuminate/Session/Middleware/StartSession.php(64): Illuminate\\Session\\Middleware\\StartSession->handleStatefulRequest()
#17 /home/joshua/PhpstormProjects/mango-software/Kinetiq/vendor/laravel/framework/src/Illuminate/Pipeline/Pipeline.php(183): Illuminate\\Session\\Middleware\\StartSession->handle()
#18 /home/joshua/PhpstormProjects/mango-software/Kinetiq/vendor/laravel/framework/src/Illuminate/Cookie/Middleware/AddQueuedCookiesToResponse.php(37): Illuminate\\Pipeline\\Pipeline->Illuminate\\Pipeline\\{closure}()
#19 /home/joshua/PhpstormProjects/mango-software/Kinetiq/vendor/laravel/framework/src/Illuminate/Pipeline/Pipeline.php(183): Illuminate\\Cookie\\Middleware\\AddQueuedCookiesToResponse->handle()
#20 /home/joshua/PhpstormProjects/mango-software/Kinetiq/vendor/laravel/framework/src/Illuminate/Cookie/Middleware/EncryptCookies.php(75): Illuminate\\Pipeline\\Pipeline->Illuminate\\Pipeline\\{closure}()
#21 /home/joshua/PhpstormProjects/mango-software/Kinetiq/vendor/laravel/framework/src/Illuminate/Pipeline/Pipeline.php(183): Illuminate\\Cookie\\Middleware\\EncryptCookies->handle()
#22 /home/joshua/PhpstormProjects/mango-software/Kinetiq/vendor/laravel/framework/src/Illuminate/Pipeline/Pipeline.php(119): Illuminate\\Pipeline\\Pipeline->Illuminate\\Pipeline\\{closure}()
#23 /home/joshua/PhpstormProjects/mango-software/Kinetiq/vendor/laravel/framework/src/Illuminate/Routing/Router.php(805): Illuminate\\Pipeline\\Pipeline->then()
#24 /home/joshua/PhpstormProjects/mango-software/Kinetiq/vendor/laravel/framework/src/Illuminate/Routing/Router.php(784): Illuminate\\Routing\\Router->runRouteWithinStack()
#25 /home/joshua/PhpstormProjects/mango-software/Kinetiq/vendor/laravel/framework/src/Illuminate/Routing/Router.php(748): Illuminate\\Routing\\Router->runRoute()
#26 /home/joshua/PhpstormProjects/mango-software/Kinetiq/vendor/laravel/framework/src/Illuminate/Routing/Router.php(737): Illuminate\\Routing\\Router->dispatchToRoute()
#27 /home/joshua/PhpstormProjects/mango-software/Kinetiq/vendor/laravel/framework/src/Illuminate/Foundation/Http/Kernel.php(200): Illuminate\\Routing\\Router->dispatch()
#28 /home/joshua/PhpstormProjects/mango-software/Kinetiq/vendor/laravel/framework/src/Illuminate/Pipeline/Pipeline.php(144): Illuminate\\Foundation\\Http\\Kernel->Illuminate\\Foundation\\Http\\{closure}()
#29 /home/joshua/PhpstormProjects/mango-software/Kinetiq/vendor/laravel/framework/src/Illuminate/Foundation/Http/Middleware/TransformsRequest.php(21): Illuminate\\Pipeline\\Pipeline->Illuminate\\Pipeline\\{closure}()
#30 /home/joshua/PhpstormProjects/mango-software/Kinetiq/vendor/laravel/framework/src/Illuminate/Foundation/Http/Middleware/ConvertEmptyStringsToNull.php(31): Illuminate\\Foundation\\Http\\Middleware\\TransformsRequest->handle()
#31 /home/joshua/PhpstormProjects/mango-software/Kinetiq/vendor/laravel/framework/src/Illuminate/Pipeline/Pipeline.php(183): Illuminate\\Foundation\\Http\\Middleware\\ConvertEmptyStringsToNull->handle()
#32 /home/joshua/PhpstormProjects/mango-software/Kinetiq/vendor/laravel/framework/src/Illuminate/Foundation/Http/Middleware/TransformsRequest.php(21): Illuminate\\Pipeline\\Pipeline->Illuminate\\Pipeline\\{closure}()
#33 /home/joshua/PhpstormProjects/mango-software/Kinetiq/vendor/laravel/framework/src/Illuminate/Foundation/Http/Middleware/TrimStrings.php(51): Illuminate\\Foundation\\Http\\Middleware\\TransformsRequest->handle()
#34 /home/joshua/PhpstormProjects/mango-software/Kinetiq/vendor/laravel/framework/src/Illuminate/Pipeline/Pipeline.php(183): Illuminate\\Foundation\\Http\\Middleware\\TrimStrings->handle()
#35 /home/joshua/PhpstormProjects/mango-software/Kinetiq/vendor/laravel/framework/src/Illuminate/Http/Middleware/ValidatePostSize.php(27): Illuminate\\Pipeline\\Pipeline->Illuminate\\Pipeline\\{closure}()
#36 /home/joshua/PhpstormProjects/mango-software/Kinetiq/vendor/laravel/framework/src/Illuminate/Pipeline/Pipeline.php(183): Illuminate\\Http\\Middleware\\ValidatePostSize->handle()
#37 /home/joshua/PhpstormProjects/mango-software/Kinetiq/vendor/laravel/framework/src/Illuminate/Foundation/Http/Middleware/PreventRequestsDuringMaintenance.php(110): Illuminate\\Pipeline\\Pipeline->Illuminate\\Pipeline\\{closure}()
#38 /home/joshua/PhpstormProjects/mango-software/Kinetiq/vendor/laravel/framework/src/Illuminate/Pipeline/Pipeline.php(183): Illuminate\\Foundation\\Http\\Middleware\\PreventRequestsDuringMaintenance->handle()
#39 /home/joshua/PhpstormProjects/mango-software/Kinetiq/vendor/laravel/framework/src/Illuminate/Http/Middleware/HandleCors.php(49): Illuminate\\Pipeline\\Pipeline->Illuminate\\Pipeline\\{closure}()
#40 /home/joshua/PhpstormProjects/mango-software/Kinetiq/vendor/laravel/framework/src/Illuminate/Pipeline/Pipeline.php(183): Illuminate\\Http\\Middleware\\HandleCors->handle()
#41 /home/joshua/PhpstormProjects/mango-software/Kinetiq/vendor/laravel/framework/src/Illuminate/Http/Middleware/TrustProxies.php(57): Illuminate\\Pipeline\\Pipeline->Illuminate\\Pipeline\\{closure}()
#42 /home/joshua/PhpstormProjects/mango-software/Kinetiq/vendor/laravel/framework/src/Illuminate/Pipeline/Pipeline.php(183): Illuminate\\Http\\Middleware\\TrustProxies->handle()
#43 /home/joshua/PhpstormProjects/mango-software/Kinetiq/vendor/laravel/framework/src/Illuminate/Pipeline/Pipeline.php(119): Illuminate\\Pipeline\\Pipeline->Illuminate\\Pipeline\\{closure}()
#44 /home/joshua/PhpstormProjects/mango-software/Kinetiq/vendor/laravel/framework/src/Illuminate/Foundation/Http/Kernel.php(175): Illuminate\\Pipeline\\Pipeline->then()
#45 /home/joshua/PhpstormProjects/mango-software/Kinetiq/vendor/laravel/framework/src/Illuminate/Foundation/Http/Kernel.php(144): Illuminate\\Foundation\\Http\\Kernel->sendRequestThroughRouter()
#46 /home/joshua/PhpstormProjects/mango-software/Kinetiq/vendor/laravel/framework/src/Illuminate/Foundation/Application.php(1168): Illuminate\\Foundation\\Http\\Kernel->handle()
#47 /home/joshua/PhpstormProjects/mango-software/Kinetiq/public/index.php(17): Illuminate\\Foundation\\Application->handleRequest()
#48 /home/joshua/PhpstormProjects/mango-software/Kinetiq/vendor/laravel/framework/src/Illuminate/Foundation/resources/server.php(16): require_once('...')
#49 {main}
"} 
